04/12/2023 07:56:38 AM - INFO : ----------------------------------
04/12/2023 07:56:39 AM - INFO : Username: aestanol@gmail.com
04/12/2023 07:56:39 AM - INFO : UserPass: pass1234
04/12/2023 07:56:44 AM - INFO : success
04/12/2023 08:12:56 AM - INFO : ----------------------------------
04/12/2023 08:12:56 AM - INFO : Username: aestanol@gmail.com
04/12/2023 08:12:56 AM - INFO : UserPass: pass1234
04/12/2023 08:13:01 AM - INFO : success
04/12/2023 09:41:50 AM - INFO : ----------------------------------
04/12/2023 09:41:50 AM - INFO : Username: aestanol@gmail.com
04/12/2023 09:41:50 AM - INFO : UserPass: pass1234
04/12/2023 09:41:57 AM - INFO : success
04/12/2023 10:38:12 AM - INFO : ----------------------------------
04/12/2023 10:38:12 AM - INFO : Username: aestanol@gmail.com
04/12/2023 10:38:12 AM - INFO : UserPass: pass1234
04/12/2023 10:38:19 AM - DEBUG : success
04/12/2023 11:01:58 AM - WARNING : Username: aestanol@gmail.com
04/12/2023 11:01:58 AM - WARNING : UserPass: pass1234
04/12/2023 11:02:56 AM - ERROR : Username: aestanol@gmail.com
04/12/2023 11:02:56 AM - ERROR : UserPass: pass1234
04/12/2023 01:53:04 PM - INFO : ----------------------------------
04/12/2023 01:53:05 PM - ERROR : Username: aestanol@gmail.com
04/12/2023 01:53:06 PM - ERROR : Userpass: pass1234
04/12/2023 01:53:11 PM - DEBUG : success
04/12/2023 09:55:44 PM - INFO : ----------------------------------
04/12/2023 09:55:45 PM - ERROR : Username: aestanol@gmail.com
04/12/2023 09:55:45 PM - ERROR : Userpass: pass1234
04/12/2023 09:55:49 PM - DEBUG : success
04/12/2023 09:56:42 PM - INFO : ----------------------------------
04/12/2023 09:56:42 PM - INFO : Username: aestanol@gmail.com
04/12/2023 09:56:42 PM - INFO : Userpass: pass1234
04/12/2023 09:56:49 PM - INFO : success
04/12/2023 10:04:45 PM - INFO : ----------------------------------
04/12/2023 10:04:45 PM - INFO : Username: aestanol@gmail.com
04/12/2023 10:04:45 PM - INFO : Userpass: pass1234
04/12/2023 10:04:52 PM - INFO : success
04/12/2023 10:05:05 PM - INFO : ----------------------------------
04/12/2023 10:08:49 PM - INFO : Username: user1
04/12/2023 10:08:50 PM - INFO : Userpass: pass1
04/12/2023 10:08:53 PM - INFO : Username: user2
04/12/2023 10:08:53 PM - INFO : Userpass: pass2
04/12/2023 10:10:53 PM - INFO : ----------------------------------
04/12/2023 10:10:53 PM - INFO : Username: aestanol@gmail.com
04/12/2023 10:10:53 PM - INFO : Userpass: pass1234
04/12/2023 10:11:00 PM - INFO : success
04/12/2023 10:13:05 PM - INFO : ----------------------------------
04/12/2023 10:13:05 PM - INFO : Username: aestanol@gmail.com
04/12/2023 10:13:05 PM - INFO : Userpass: pass1234
04/12/2023 10:52:49 PM - INFO : ----------------------------------
04/12/2023 10:52:49 PM - INFO : Username: aestanol@gmail.com
04/12/2023 10:52:49 PM - INFO : Userpass: pass1234
04/12/2023 10:52:55 PM - INFO : success
04/12/2023 11:23:26 PM - INFO : ----------------------------------
04/12/2023 11:23:26 PM - INFO : Username: aestanol@gmail.com
04/12/2023 11:23:26 PM - INFO : Userpass: pass1234
04/12/2023 11:23:31 PM - INFO : success
04/12/2023 11:26:28 PM - INFO : ----------------------------------
04/12/2023 11:26:28 PM - INFO : Username: aestanol@gmail.com
04/12/2023 11:26:29 PM - INFO : Userpass: pass1234
04/12/2023 11:26:33 PM - INFO : success
04/13/2023 07:52:44 AM - INFO : ----------------------------------
04/13/2023 07:52:44 AM - INFO : Username: aestanol@gmail.com
04/13/2023 07:52:44 AM - INFO : Userpass: pass1234
04/13/2023 07:52:50 AM - INFO : success
04/13/2023 08:06:49 AM - INFO : ----------------------------------
04/13/2023 08:06:49 AM - INFO : Username: aestanol@gmail.com
04/13/2023 08:06:50 AM - INFO : Userpass: pass1234
04/13/2023 08:06:56 AM - INFO : success
04/13/2023 08:19:54 AM - INFO : ----------------------------------
04/13/2023 08:19:55 AM - INFO : Username: aestanol@gmail.com
04/13/2023 08:19:55 AM - INFO : Userpass: pass1234
04/13/2023 08:20:01 AM - INFO : success
04/13/2023 08:28:48 AM - INFO : ----------------------------------
04/13/2023 08:28:48 AM - INFO : Username: aestanol@gmail.com
04/13/2023 08:28:48 AM - INFO : Userpass: pass1234
04/13/2023 08:28:58 AM - INFO : success
04/13/2023 08:34:05 AM - INFO : ----------------------------------
04/13/2023 08:34:05 AM - INFO : Username: aestanol@gmail.com
04/13/2023 08:34:05 AM - INFO : Userpass: pass1234
04/13/2023 08:34:49 AM - INFO : ----------------------------------
04/13/2023 08:34:50 AM - INFO : Username: aestanol@gmail.com
04/13/2023 08:34:50 AM - INFO : Userpass: pass1234
04/13/2023 08:35:05 AM - INFO : success
04/13/2023 08:36:08 AM - INFO : ----------------------------------
04/13/2023 08:36:08 AM - INFO : Username: aestanol@gmail.com
04/13/2023 08:36:08 AM - INFO : Userpass: pass1234
04/13/2023 08:36:19 AM - INFO : success
04/13/2023 08:46:26 AM - INFO : Username: aestanol@gmail.com
04/13/2023 08:46:26 AM - INFO : Userpass: pass1234
04/13/2023 08:46:37 AM - INFO : success
04/13/2023 08:53:10 AM - INFO : ----------------------------------
04/13/2023 08:53:10 AM - INFO : Username: aestanol@gmail.com
04/13/2023 08:53:10 AM - INFO : Userpass: pass1234
04/13/2023 08:53:22 AM - INFO : success
04/13/2023 09:04:41 AM - INFO : ----------------------------------
04/13/2023 09:04:42 AM - INFO : Username: aestanol@gmail.com
04/13/2023 09:04:42 AM - INFO : Userpass: pass1234
04/13/2023 09:04:52 AM - INFO : success
04/13/2023 09:06:02 AM - INFO : ----------------------------------
04/13/2023 09:06:03 AM - INFO : Username: aestanol@gmail.com
04/13/2023 09:06:03 AM - INFO : Userpass: pass1234
04/13/2023 09:06:13 AM - INFO : success
04/13/2023 09:16:36 AM - INFO : ----------------------------------
04/13/2023 09:16:36 AM - INFO : Username: aestanol@gmail.com
04/13/2023 09:16:36 AM - INFO : Userpass: pass1234
04/13/2023 09:16:49 AM - INFO : success
04/13/2023 09:17:11 AM - INFO : ----------------------------------
04/13/2023 09:17:12 AM - INFO : Username: aestanol@gmail.com
04/13/2023 09:17:12 AM - INFO : Userpass: pass1234
04/13/2023 09:31:22 AM - INFO : ----------------------------------
04/13/2023 09:31:22 AM - INFO : Username: aestanol@gmail.com
04/13/2023 09:31:22 AM - INFO : Userpass: pass1234
04/13/2023 09:31:31 AM - INFO : success
04/13/2023 09:31:52 AM - INFO : ----------------------------------
04/13/2023 09:31:52 AM - INFO : Username: aestanol@gmail.com
04/13/2023 09:31:52 AM - INFO : Userpass: pass1234
04/13/2023 09:32:03 AM - INFO : success
04/13/2023 09:32:41 AM - INFO : ----------------------------------
04/13/2023 09:32:41 AM - INFO : Username: aestanol@gmail.com
04/13/2023 09:32:41 AM - INFO : Userpass: pass1234
04/13/2023 09:32:53 AM - INFO : success
04/13/2023 09:53:22 AM - INFO : ----------------------------------
04/13/2023 09:53:22 AM - INFO : Username: aestanol@gmail.com
04/13/2023 09:53:22 AM - INFO : Userpass: pass1234
04/13/2023 09:53:32 AM - INFO : success
04/13/2023 11:30:09 AM - INFO : ----------------------------------
04/13/2023 11:30:10 AM - INFO : Username: acestanol20@gmail.com
04/13/2023 11:30:10 AM - INFO : Userpass: pass1234
04/13/2023 11:30:38 AM - INFO : ----------------------------------
04/13/2023 11:30:38 AM - INFO : Username: acestanol20@gmail.com
04/13/2023 11:30:39 AM - INFO : Userpass: pass1234
04/13/2023 11:46:09 AM - INFO : ----------------------------------
04/13/2023 11:46:10 AM - INFO : Username: acestanol20@gmail.com
04/13/2023 11:46:10 AM - INFO : Userpass: pass1234
04/14/2023 03:10:11 PM - INFO : ----------------------------------
04/14/2023 03:11:22 PM - INFO : ----------------------------------
04/14/2023 03:13:48 PM - INFO : ----------------------------------
04/14/2023 03:15:04 PM - INFO : ----------------------------------
04/14/2023 03:15:58 PM - INFO : ----------------------------------
04/14/2023 03:16:05 PM - INFO : success
04/14/2023 03:17:54 PM - INFO : ----------------------------------
04/14/2023 03:18:02 PM - INFO : success
04/14/2023 04:30:19 PM - INFO : ----------------------------------
04/14/2023 04:30:26 PM - INFO : success
04/14/2023 04:33:37 PM - INFO : ----------------------------------
04/14/2023 04:33:43 PM - INFO : success
04/14/2023 04:35:19 PM - INFO : ----------------------------------
04/14/2023 04:35:27 PM - INFO : success
04/14/2023 04:42:03 PM - INFO : ----------------------------------
04/14/2023 04:42:13 PM - INFO : success
04/14/2023 04:43:00 PM - INFO : ----------------------------------
04/14/2023 04:43:12 PM - INFO : success
04/14/2023 05:35:59 PM - INFO : ----------------------------------
04/14/2023 05:36:08 PM - INFO : success
04/14/2023 05:45:20 PM - INFO : ----------------------------------
04/14/2023 05:45:30 PM - INFO : success
04/14/2023 05:47:19 PM - INFO : ----------------------------------
04/14/2023 05:47:26 PM - INFO : success
04/14/2023 05:49:59 PM - INFO : ----------------------------------
04/14/2023 05:50:09 PM - INFO : success
04/14/2023 05:51:25 PM - INFO : ----------------------------------
04/14/2023 05:51:35 PM - INFO : success
04/14/2023 05:55:09 PM - INFO : ----------------------------------
04/14/2023 05:55:17 PM - INFO : success
04/14/2023 05:56:17 PM - INFO : ----------------------------------
04/14/2023 05:56:27 PM - INFO : success
04/14/2023 05:57:03 PM - INFO : ----------------------------------
04/14/2023 05:57:12 PM - INFO : success
04/14/2023 05:57:56 PM - INFO : ----------------------------------
04/14/2023 05:58:03 PM - INFO : success
04/14/2023 06:01:11 PM - INFO : ----------------------------------
04/14/2023 06:01:30 PM - INFO : success
04/14/2023 06:02:20 PM - INFO : ----------------------------------
04/14/2023 06:02:29 PM - INFO : success
04/14/2023 06:25:59 PM - INFO : ----------------------------------
04/14/2023 06:26:10 PM - INFO : success
04/14/2023 06:28:19 PM - INFO : ----------------------------------
04/14/2023 06:28:26 PM - INFO : success
04/14/2023 06:29:25 PM - INFO : ----------------------------------
04/14/2023 06:29:32 PM - INFO : success
04/14/2023 06:30:25 PM - INFO : ----------------------------------
04/14/2023 06:30:34 PM - INFO : success
04/14/2023 12:51:54 PM - INFO : ----------------------------------
04/14/2023 12:51:54 PM - INFO : Username: acestanol20@gmail.com
04/14/2023 12:51:54 PM - INFO : Userpass: pass1234
04/14/2023 12:52:03 PM - INFO : ----------------------------------
04/14/2023 12:52:09 PM - INFO : success
04/14/2023 01:00:16 PM - INFO : ----------------------------------
04/14/2023 01:00:21 PM - INFO : success
04/14/2023 01:02:16 PM - INFO : ----------------------------------
04/14/2023 01:02:25 PM - INFO : success
04/14/2023 01:03:15 PM - INFO : ----------------------------------
04/14/2023 01:03:24 PM - INFO : success
04/14/2023 01:07:44 PM - INFO : ----------------------------------
04/14/2023 01:07:50 PM - INFO : success
04/14/2023 01:08:54 PM - INFO : ----------------------------------
04/14/2023 01:09:02 PM - INFO : success
04/14/2023 01:09:47 PM - INFO : ----------------------------------
04/14/2023 01:09:55 PM - INFO : success
04/14/2023 01:17:49 PM - INFO : ----------------------------------
04/14/2023 01:17:56 PM - INFO : success
04/14/2023 09:20:06 PM - INFO : ----------------------------------
04/14/2023 09:20:13 PM - INFO : success
04/14/2023 09:24:36 PM - INFO : ----------------------------------
04/14/2023 09:24:44 PM - INFO : success
04/14/2023 09:42:16 PM - INFO : ----------------------------------
04/14/2023 09:42:24 PM - INFO : success
04/14/2023 09:44:43 PM - INFO : ----------------------------------
04/14/2023 09:44:50 PM - INFO : success
04/14/2023 09:48:48 PM - INFO : ----------------------------------
04/14/2023 09:49:05 PM - INFO : success
04/14/2023 09:53:14 PM - INFO : ----------------------------------
04/14/2023 09:53:24 PM - INFO : success
04/14/2023 09:58:45 PM - INFO : ----------------------------------
04/14/2023 09:58:54 PM - INFO : success
04/14/2023 10:02:22 PM - INFO : ----------------------------------
04/14/2023 10:02:29 PM - INFO : success
04/14/2023 10:19:08 PM - INFO : ----------------------------------
04/14/2023 10:19:13 PM - INFO : success
04/16/2023 10:18:04 AM - INFO : ----------------------------------
04/16/2023 10:18:09 AM - INFO : success
04/16/2023 10:20:17 AM - INFO : ----------------------------------
04/16/2023 10:20:17 AM - INFO : Username: acestanol20@gmail.com
04/16/2023 10:20:17 AM - INFO : Userpass: pass1234
04/16/2023 10:20:28 AM - INFO : ----------------------------------
04/16/2023 10:20:35 AM - INFO : success
04/16/2023 03:45:49 PM - INFO : ----------------------------------
04/16/2023 03:45:56 PM - INFO : success
04/16/2023 03:47:05 PM - INFO : ----------------------------------
04/16/2023 03:47:14 PM - INFO : success
04/16/2023 03:48:28 PM - INFO : ----------------------------------
04/16/2023 03:48:34 PM - INFO : success
04/16/2023 03:50:25 PM - INFO : ----------------------------------
04/16/2023 03:50:32 PM - INFO : success
04/16/2023 03:53:48 PM - INFO : ----------------------------------
04/16/2023 03:53:55 PM - INFO : success
04/16/2023 04:00:51 PM - INFO : ----------------------------------
04/16/2023 04:00:52 PM - INFO : Username: aestanol@gmail.com
04/16/2023 04:00:52 PM - INFO : Userpass: pass1234
04/16/2023 04:01:03 PM - INFO : ----------------------------------
04/16/2023 04:02:35 PM - INFO : ----------------------------------
04/16/2023 04:02:35 PM - INFO : Username: aestanol@gmail.com
04/16/2023 04:02:35 PM - INFO : Userpass: pass1234
04/16/2023 04:02:45 PM - INFO : ----------------------------------
04/16/2023 04:02:52 PM - INFO : success
04/16/2023 04:03:37 PM - INFO : ----------------------------------
04/16/2023 04:03:43 PM - INFO : success
04/16/2023 06:03:20 PM - INFO : ----------------------------------
04/16/2023 06:05:10 PM - INFO : ----------------------------------
04/16/2023 06:07:35 PM - INFO : ----------------------------------
04/16/2023 06:07:41 PM - INFO : success
04/16/2023 06:11:33 PM - INFO : ----------------------------------
04/16/2023 06:11:39 PM - INFO : success
04/16/2023 06:11:46 PM - INFO : Account successfully created
04/16/2023 06:14:53 PM - INFO : ----------------------------------
04/16/2023 06:15:28 PM - INFO : ----------------------------------
04/16/2023 06:22:49 PM - INFO : ----------------------------------
04/16/2023 06:22:55 PM - INFO : success
04/16/2023 06:23:03 PM - INFO : Account successfully created
04/16/2023 06:24:14 PM - INFO : ----------------------------------
04/16/2023 06:24:14 PM - INFO : Username: aestanol@gmail.com
04/16/2023 06:24:14 PM - INFO : Userpass: pass1234
04/16/2023 06:24:25 PM - INFO : ----------------------------------
04/16/2023 06:24:52 PM - INFO : ----------------------------------
04/16/2023 06:24:52 PM - INFO : Username: aestanol@gmail.com
04/16/2023 06:24:52 PM - INFO : Userpass: pass1234
04/16/2023 06:25:03 PM - INFO : ----------------------------------
04/16/2023 06:25:11 PM - INFO : success
04/16/2023 06:25:18 PM - INFO : Account successfully created
04/16/2023 06:36:04 PM - INFO : ----------------------------------
04/16/2023 06:36:38 PM - INFO : ----------------------------------
04/16/2023 06:36:46 PM - INFO : success
04/16/2023 06:36:54 PM - INFO : Account successfully created
04/16/2023 06:41:08 PM - INFO : ----------------------------------
04/16/2023 06:41:24 PM - INFO : ----------------------------------
04/16/2023 06:41:31 PM - INFO : success
04/16/2023 06:41:38 PM - INFO : Account successfully created
04/16/2023 06:43:55 PM - INFO : ----------------------------------
04/16/2023 06:44:02 PM - INFO : success
04/16/2023 06:44:11 PM - INFO : Account successfully created
04/16/2023 06:48:26 PM - INFO : ----------------------------------
04/16/2023 06:48:35 PM - INFO : success
04/16/2023 06:48:43 PM - INFO : Account successfully created
04/16/2023 06:49:21 PM - INFO : Account successfully deleted
04/16/2023 07:37:59 PM - INFO : ----------------------------------
04/16/2023 07:38:54 PM - INFO : ----------------------------------
04/16/2023 07:39:01 PM - INFO : success
04/16/2023 07:40:29 PM - INFO : Account successfully created
04/16/2023 07:41:00 PM - INFO : ----------------------------------
04/16/2023 07:42:57 PM - INFO : ----------------------------------
04/16/2023 07:43:02 PM - INFO : success
04/16/2023 07:43:09 PM - INFO : Account successfully created
04/16/2023 07:43:20 PM - INFO : Account successfully deleted
04/16/2023 10:32:28 PM - INFO : ----------------------------------
04/16/2023 10:32:28 PM - INFO : Username: angeeee234@gmail.com
04/16/2023 10:32:28 PM - INFO : Userpass: pass1234
04/16/2023 10:32:46 PM - INFO : success
04/16/2023 10:34:24 PM - INFO : ----------------------------------
04/16/2023 10:34:24 PM - INFO : Username: angeeee234@gmail.com
04/16/2023 10:34:24 PM - INFO : Userpass: pass1234
04/16/2023 10:34:53 PM - INFO : ----------------------------------
04/16/2023 10:35:04 PM - INFO : success
04/16/2023 10:35:16 PM - INFO : Account successfully created
04/16/2023 10:35:34 PM - INFO : Account successfully deleted
04/16/2023 10:39:05 PM - INFO : ----------------------------------
04/16/2023 10:39:06 PM - INFO : Username: angelica00szs00002w
04/16/2023 10:39:06 PM - INFO : Useremail: angel201z9ss8823432w@gmail.com
04/16/2023 10:39:16 PM - INFO : success
04/16/2023 10:39:29 PM - INFO : Account successfully created
04/16/2023 10:41:01 PM - INFO : ----------------------------------
04/16/2023 10:41:01 PM - INFO : UserName: angelica00szs00002w
04/16/2023 10:41:01 PM - INFO : UserEmail: angel201z9ss8823432w@gmail.com
04/16/2023 10:41:10 PM - INFO : success
04/16/2023 10:41:23 PM - INFO : Account successfully created
04/16/2023 10:47:16 PM - INFO : ----------------------------------
04/16/2023 10:47:16 PM - INFO : UserName: angelica00szs00002w
04/16/2023 10:47:16 PM - INFO : UserEmail: angel201z9ss8823432w@gmail.com
04/16/2023 10:47:25 PM - INFO : success
04/16/2023 10:47:35 PM - INFO : Account successfully created
04/16/2023 10:53:48 PM - INFO : ----------------------------------
04/16/2023 10:53:49 PM - INFO : UserName: angelica00szs00002w
04/16/2023 10:53:49 PM - INFO : UserEmail: angel201z9ss8823432w@gmail.com
04/16/2023 10:53:57 PM - INFO : success
04/16/2023 10:54:05 PM - INFO : Account successfully created
04/16/2023 10:54:40 PM - INFO : Account successfully deleted
04/16/2023 10:56:26 PM - INFO : ----------------------------------
04/16/2023 10:56:26 PM - INFO : UserName: angelica00szs00002w
04/16/2023 10:56:26 PM - INFO : UserEmail: angel201z9ss8823432w@gmail.com
04/16/2023 10:56:31 PM - INFO : success
04/16/2023 10:56:39 PM - INFO : Account successfully created
04/16/2023 10:57:10 PM - INFO : Account successfully deleted
04/16/2023 10:59:44 PM - INFO : ----------------------------------
04/16/2023 10:59:44 PM - INFO : Username: angeeee234@gmail.com
04/16/2023 10:59:45 PM - INFO : Userpass: pass1234
04/16/2023 11:01:18 PM - INFO : ----------------------------------
04/16/2023 11:01:18 PM - INFO : UserName: angelica00szs00002w
04/16/2023 11:01:18 PM - INFO : UserEmail: angel201z9ss8823432w@gmail.com
04/16/2023 11:01:26 PM - INFO : success
04/16/2023 11:01:36 PM - INFO : Account successfully created
04/16/2023 11:01:53 PM - INFO : Account successfully deleted
04/16/2023 11:06:41 PM - INFO : ----------------------------------
04/16/2023 11:06:41 PM - INFO : UserName: angelica00szs00002w
04/16/2023 11:06:42 PM - INFO : UserEmail: angel201z9ss8823432w@gmail.com
04/16/2023 11:06:48 PM - INFO : success
04/16/2023 11:06:58 PM - INFO : Account successfully created
04/16/2023 11:07:23 PM - INFO : Account successfully deleted
04/16/2023 11:18:00 PM - INFO : ----------------------------------
04/16/2023 11:18:00 PM - INFO : UserName: angelica00szs00002w
04/16/2023 11:18:00 PM - INFO : UserEmail: angel201z9ss8823432w@gmail.com
04/16/2023 11:18:07 PM - INFO : success
04/16/2023 11:19:20 PM - INFO : ----------------------------------
04/16/2023 11:19:20 PM - INFO : UserName: angelica00szs00002w
04/16/2023 11:19:20 PM - INFO : UserEmail: angel201z9ss8823432w@gmail.com
04/16/2023 11:19:28 PM - INFO : success
04/16/2023 11:20:26 PM - INFO : ----------------------------------
04/16/2023 11:20:26 PM - INFO : UserName: angelica00szs00002w
04/16/2023 11:20:26 PM - INFO : UserEmail: angel201z9ss8823432w@gmail.com
04/16/2023 11:20:35 PM - INFO : success
04/16/2023 11:20:42 PM - INFO : Account successfully created
04/16/2023 11:21:03 PM - INFO : Account successfully deleted
04/16/2023 11:27:02 PM - INFO : ----------------------------------
04/16/2023 11:27:02 PM - INFO : UserName: angelica00szs00002w
04/16/2023 11:27:02 PM - INFO : UserEmail: angel201z9ss8823432w@gmail.com
04/16/2023 11:27:07 PM - INFO : success
04/16/2023 11:27:16 PM - INFO : Account successfully created
04/16/2023 11:28:15 PM - INFO : ----------------------------------
04/16/2023 11:28:15 PM - INFO : UserName: angelica00szs00002w
04/16/2023 11:28:15 PM - INFO : UserEmail:
04/16/2023 11:29:22 PM - INFO : ----------------------------------
04/16/2023 11:29:22 PM - INFO : UserName: angelica00szs00002w
04/16/2023 11:29:22 PM - INFO : UserEmail: angel201z9ss8823432w@gmail.com
04/16/2023 11:29:32 PM - INFO : success
04/16/2023 11:32:16 PM - INFO : ----------------------------------
04/16/2023 11:32:16 PM - INFO : UserName: angelica00szs00002w
04/16/2023 11:32:16 PM - INFO : UserEmail: angel201z9ss8823432w@gmail.com
04/16/2023 11:32:23 PM - INFO : success
04/16/2023 11:32:33 PM - INFO : Account successfully created
04/16/2023 11:33:04 PM - INFO : Account successfully deleted
04/17/2023 08:10:07 AM - INFO : ----------------------------------
04/17/2023 08:10:07 AM - INFO : UserName: angelica00szs00002w
04/17/2023 08:10:07 AM - INFO : UserEmail: angel201z9ss8823432w@gmail.com
04/17/2023 08:10:31 AM - INFO : success
04/17/2023 08:10:39 AM - INFO : Account successfully created
04/17/2023 08:12:05 AM - INFO : ----------------------------------
04/17/2023 08:12:05 AM - INFO : UserName: angelica00szs00002w
04/17/2023 08:12:05 AM - INFO : UserEmail: angel201z9ss8823432w@gmail.com
04/17/2023 08:12:49 AM - INFO : ----------------------------------
04/17/2023 08:12:49 AM - INFO : UserName: angelica00szs00002w
04/17/2023 08:12:49 AM - INFO : UserEmail: angel201z9ss8823432w@gmail.com
04/17/2023 08:13:16 AM - INFO : ----------------------------------
04/17/2023 08:13:16 AM - INFO : UserName: angelica00szs00002w0
04/17/2023 08:13:16 AM - INFO : UserEmail: angel201z9ss8823432pw@gmail.com
04/17/2023 08:13:23 AM - INFO : success
04/17/2023 08:13:30 AM - INFO : Account successfully created
04/17/2023 08:33:03 AM - INFO : ----------------------------------
04/17/2023 08:33:03 AM - INFO : UserName: angelica00szs00002w0
04/17/2023 08:33:03 AM - INFO : UserEmail: angel201z9ss8823432pw@gmail.com
04/17/2023 08:33:22 AM - INFO : ----------------------------------
04/17/2023 08:33:22 AM - INFO : UserName: angelica00szs00002w0
04/17/2023 08:33:22 AM - INFO : UserEmail: angel201z9ss8823432pw@gmail.com
04/17/2023 08:33:38 AM - INFO : ----------------------------------
04/17/2023 08:33:38 AM - INFO : UserName: angelica00szs00002w0
04/17/2023 08:33:38 AM - INFO : UserEmail: angel201z9ss8823432dpw@gmail.com
04/17/2023 08:33:45 AM - INFO : success
04/17/2023 08:34:48 AM - INFO : Account successfully created
04/17/2023 08:35:33 AM - INFO : ----------------------------------
04/17/2023 08:35:33 AM - INFO : UserName: angelica00szs00002w0
04/17/2023 08:35:33 AM - INFO : UserEmail: angel201z9ss8823432dpw@gmail.com
04/17/2023 08:35:57 AM - INFO : ----------------------------------
04/17/2023 08:35:57 AM - INFO : UserName: angelica00szs00002w0
04/17/2023 08:35:57 AM - INFO : UserEmail: angel201z9ss88234z32dpw@gmail.com
04/17/2023 08:36:03 AM - INFO : success
04/17/2023 08:36:10 AM - INFO : Account successfully created
04/17/2023 08:37:10 AM - INFO : ----------------------------------
04/17/2023 08:37:10 AM - INFO : UserName: angelica00szs00002w0
04/17/2023 08:37:10 AM - INFO : UserEmail: angel201z9ss88234z32dpw@gmail.com
04/17/2023 08:37:25 AM - INFO : ----------------------------------
04/17/2023 08:37:25 AM - INFO : UserName: angelica00szs00002w0
04/17/2023 08:37:25 AM - INFO : UserEmail: angel201z9ss8d8234z32dpw@gmail.com
04/17/2023 08:37:31 AM - INFO : success
04/17/2023 08:37:39 AM - INFO : Account successfully created
04/17/2023 08:38:35 AM - INFO : ----------------------------------
04/17/2023 08:38:35 AM - INFO : UserName: angelica00szs00002w0
04/17/2023 08:38:35 AM - INFO : UserEmail: angel201z9ss8d8234z32dpw@gmail.com
04/17/2023 08:38:49 AM - INFO : ----------------------------------
04/17/2023 08:38:49 AM - INFO : UserName: angelica00szs00002w0
04/17/2023 08:38:49 AM - INFO : UserEmail: angel201z9ss8d8s234z32dpw@gmail.com
04/17/2023 08:38:55 AM - INFO : success
04/17/2023 08:39:02 AM - INFO : Account successfully created
04/17/2023 08:41:44 AM - INFO : ----------------------------------
04/17/2023 08:41:44 AM - INFO : UserName: angelica00szs00002w0
04/17/2023 08:41:45 AM - INFO : UserEmail: angel201z9ss8d8s234z32dpw@gmail.com
04/17/2023 08:41:57 AM - INFO : ----------------------------------
04/17/2023 08:41:57 AM - INFO : UserName: angelica00szs00002w0
04/17/2023 08:41:57 AM - INFO : UserEmail: angel201z9ss8d8ss234z32dpw@gmail.com
04/17/2023 08:42:03 AM - INFO : success
04/17/2023 08:42:11 AM - INFO : Account successfully created
04/17/2023 08:47:31 AM - INFO : ----------------------------------
04/17/2023 08:47:31 AM - INFO : UserName: angelica00szs00002w0
04/17/2023 08:47:31 AM - INFO : UserEmail: angel201z9ss8d8ss234z32dpw@gmail.com
04/17/2023 08:47:46 AM - INFO : ----------------------------------
04/17/2023 08:47:47 AM - INFO : UserName: angelica00szs00002w0
04/17/2023 08:47:47 AM - INFO : UserEmail: angel201zd9ss8d8ss234z32dpw@gmail.com
04/17/2023 08:47:52 AM - INFO : success
04/17/2023 08:47:59 AM - INFO : Account successfully created
04/17/2023 08:49:12 AM - INFO : ----------------------------------
04/17/2023 08:49:12 AM - INFO : UserName: angelica00szs00002w0
04/17/2023 08:49:12 AM - INFO : UserEmail: angel201zd9ss8d8ss234z32dpw@gmail.com
04/17/2023 08:49:28 AM - INFO : ----------------------------------
04/17/2023 08:49:28 AM - INFO : UserName: angelica00szs00002w0
04/17/2023 08:49:28 AM - INFO : UserEmail: angel201zd9ss@gmail.com
04/17/2023 08:51:36 AM - INFO : ----------------------------------
04/17/2023 08:51:36 AM - INFO : UserName: angelica00szs00002w0
04/17/2023 08:51:36 AM - INFO : UserEmail: angel201zs@gmail.com
04/17/2023 08:53:07 AM - INFO : ----------------------------------
04/17/2023 08:53:07 AM - INFO : UserName: angelica00szs00002w0
04/17/2023 08:53:08 AM - INFO : UserEmail: angel201zs@gmail.com
04/17/2023 08:53:14 AM - INFO : success
04/17/2023 08:53:22 AM - INFO : Account successfully created
04/17/2023 08:54:11 AM - INFO : ----------------------------------
04/17/2023 08:54:11 AM - INFO : UserName: angelica00szs00002w0
04/17/2023 08:54:11 AM - INFO : UserEmail: angel201zs1@gmail.com
04/17/2023 08:55:09 AM - INFO : ----------------------------------
04/17/2023 08:55:09 AM - INFO : UserName: angelica00szs00002w0
04/17/2023 08:55:09 AM - INFO : UserEmail: angel201zs1@gmail.com
04/17/2023 09:09:16 AM - INFO : ----------------------------------
04/17/2023 09:09:16 AM - INFO : UserName: angelica00szs00002w0
04/17/2023 09:09:16 AM - INFO : UserEmail: angel201zs1@gmail.com
04/17/2023 09:09:24 AM - INFO : success
04/17/2023 09:09:31 AM - INFO : Account successfully created
04/17/2023 09:10:22 AM - INFO : ----------------------------------
04/17/2023 09:10:22 AM - INFO : UserName: angelica00szs00002w0
04/17/2023 09:10:23 AM - INFO : UserEmail: angel201zs1@gmail.com
04/17/2023 09:12:39 AM - INFO : ----------------------------------
04/17/2023 09:12:40 AM - INFO : UserName: angelica00szs00002w0
04/17/2023 09:12:40 AM - INFO : UserEmail: angel201zs1@gmail.com
04/17/2023 09:12:46 AM - INFO : success
04/17/2023 09:12:52 AM - INFO : Account successfully created
04/17/2023 09:14:54 AM - INFO : ----------------------------------
04/17/2023 09:14:54 AM - INFO : UserName: angelica00szs00002w0
04/17/2023 09:14:54 AM - INFO : UserEmail: angel201zs1@gmail.com
04/17/2023 09:15:14 AM - INFO : ----------------------------------
04/17/2023 09:15:14 AM - INFO : UserName: angelica00szs00002w0
04/17/2023 09:15:14 AM - INFO : UserEmail: angel201zss1@gmail.com
04/17/2023 09:15:20 AM - INFO : success
04/17/2023 09:15:31 AM - INFO : Account successfully created
04/17/2023 09:16:32 AM - INFO : ----------------------------------
04/17/2023 09:16:32 AM - INFO : Username: angeeee2345@gmail.com
04/17/2023 09:16:32 AM - INFO : Userpass: pass1234
04/17/2023 09:17:28 AM - INFO : ----------------------------------
04/17/2023 09:17:28 AM - INFO : Username: angeeee2345@gmail.com
04/17/2023 09:17:28 AM - INFO : Userpass: pass1234
04/17/2023 09:17:46 AM - INFO : ----------------------------------
04/17/2023 09:17:47 AM - INFO : UserName: angelica12345
04/17/2023 09:17:47 AM - INFO : UserEmail: angelestanol0922gmail.com
04/17/2023 09:18:03 AM - INFO : ----------------------------------
04/17/2023 09:18:03 AM - INFO : UserName: angelica12345
04/17/2023 09:18:03 AM - INFO : UserEmail: angelestanol0922@gmail.com
04/17/2023 09:18:09 AM - INFO : success
04/17/2023 09:18:16 AM - INFO : Account successfully created
04/17/2023 09:19:19 AM - INFO : ----------------------------------
04/17/2023 09:19:19 AM - INFO : Username: angelestanol0922@gmail.com
04/17/2023 09:19:19 AM - INFO : Userpass: @ng3L0920
04/17/2023 09:19:32 AM - INFO : You have successfully logged in to your account
04/17/2023 01:52:13 PM - INFO : ----------------------------------
04/17/2023 01:52:13 PM - INFO : Username: angelestanol0922@gmail.com
04/17/2023 01:52:13 PM - INFO : Userpass: @ng3L0920
04/17/2023 01:52:24 PM - INFO : You have successfully logged in to your account
04/17/2023 01:54:02 PM - INFO : ----------------------------------
04/17/2023 01:54:02 PM - INFO : Username: angelestanol0922@gmail.com
04/17/2023 01:54:02 PM - INFO : Userpass: @ng3L0920
04/17/2023 01:54:25 PM - INFO : You have successfully logged in to your account
04/17/2023 01:58:33 PM - INFO : ----------------------------------
04/17/2023 01:58:33 PM - INFO : Username: angelestanol0922@gmail.com
04/17/2023 01:58:33 PM - INFO : Userpass: @ng3L0920
04/17/2023 01:58:46 PM - INFO : You have successfully logged in to your account
04/17/2023 02:00:15 PM - INFO : ----------------------------------
04/17/2023 02:00:16 PM - INFO : Username: angelestanol0922@gmail.com
04/17/2023 02:00:16 PM - INFO : Userpass: @ng3L0920
04/17/2023 02:00:33 PM - INFO : You have successfully logged in to your account
04/17/2023 02:00:36 PM - INFO : You have successfully log out  your account
04/17/2023 02:05:49 PM - INFO : ----------------------------------
04/17/2023 02:05:49 PM - INFO : UserName: angelica12345
04/17/2023 02:05:50 PM - INFO : UserEmail: angelestanol0922@gmail.com
04/17/2023 02:07:10 PM - INFO : ----------------------------------
04/17/2023 02:07:10 PM - INFO : UserName: angelica12345
04/17/2023 02:07:11 PM - INFO : UserEmail: angelestanol0922@gmail.com
04/17/2023 02:07:18 PM - INFO : success
04/17/2023 02:07:27 PM - INFO : Account successfully created
04/17/2023 02:07:49 PM - INFO : ----------------------------------
04/17/2023 02:07:49 PM - INFO : UserName: angelica12345
04/17/2023 02:07:49 PM - INFO : UserEmail: angelestanol0922@gmail.com
04/17/2023 02:09:05 PM - INFO : ----------------------------------
04/17/2023 02:09:06 PM - INFO : UserName: angelica12345
04/17/2023 02:09:06 PM - INFO : UserEmail: angelestanol0922@gmail.com
04/17/2023 02:09:12 PM - INFO : success
04/17/2023 02:09:21 PM - INFO : Account successfully created
04/17/2023 02:10:16 PM - INFO : ----------------------------------
04/17/2023 02:10:16 PM - INFO : UserName: angelica12345
04/17/2023 02:10:17 PM - INFO : UserEmail: angelestanol0922@gmail.com
04/17/2023 02:10:23 PM - INFO : success
04/17/2023 02:10:31 PM - INFO : Account successfully created
04/17/2023 02:16:35 PM - INFO : ----------------------------------
04/17/2023 02:16:35 PM - INFO : UserName: angelica12345
04/17/2023 02:16:35 PM - INFO : UserEmail: angelestanol0922@gmail.com
04/17/2023 02:17:20 PM - INFO : ----------------------------------
04/17/2023 02:17:21 PM - INFO : UserName: angelica12345
04/17/2023 02:17:21 PM - INFO : UserEmail: angelestanol0922@gmail.com
04/17/2023 02:20:24 PM - INFO : ----------------------------------
04/17/2023 02:20:24 PM - INFO : UserName: angelica12345
04/17/2023 02:20:24 PM - INFO : UserEmail: angelestanol0922@gmail.com
04/17/2023 02:22:03 PM - INFO : ----------------------------------
04/17/2023 02:22:03 PM - INFO : UserName: angelica12345
04/17/2023 02:22:03 PM - INFO : UserEmail: angelestanol0922@gmail.com
04/17/2023 02:22:09 PM - INFO : success
04/17/2023 02:22:17 PM - INFO : Account successfully created
04/17/2023 02:25:44 PM - INFO : ----------------------------------
04/17/2023 02:25:44 PM - INFO : UserName: angelica12345
04/17/2023 02:25:45 PM - INFO : UserEmail: angelestanol0922@gmail.com
04/17/2023 02:55:06 PM - INFO : ----------------------------------
04/17/2023 02:55:06 PM - INFO : Username: angelestanol0922@gmail.com
04/17/2023 02:55:06 PM - INFO : Userpass: @ng3L0920
04/17/2023 02:55:16 PM - INFO : ----------------------------------
04/17/2023 02:55:16 PM - INFO : UserName: angelica12345
04/17/2023 02:55:16 PM - INFO : UserEmail: angelestanol0922@gmail.com
04/17/2023 02:55:21 PM - INFO : success
04/17/2023 02:55:29 PM - INFO : Account successfully created
04/17/2023 02:57:52 PM - INFO : ----------------------------------
04/17/2023 02:57:52 PM - INFO : Username: angelestanol0922@gmail.com
04/17/2023 02:57:52 PM - INFO : Userpass: @ng3L0920
04/17/2023 02:58:09 PM - INFO : You have successfully logged in to your account
04/17/2023 02:58:12 PM - INFO : You have successfully log out  your account
04/17/2023 02:58:17 PM - INFO : ----------------------------------
04/17/2023 02:58:17 PM - INFO : UserName: angelica12345
04/17/2023 02:58:17 PM - INFO : UserEmail: angelestanol0922@gmail.com
04/17/2023 03:27:16 PM - INFO : ----------------------------------
04/17/2023 03:27:16 PM - INFO : Username: angelestanol0922@gmail.com
04/17/2023 03:27:16 PM - INFO : Userpass: @ng3L0920
04/17/2023 03:27:45 PM - INFO : You have successfully logged in to your account
04/17/2023 03:27:48 PM - INFO : You have successfully log out  your account
04/17/2023 03:28:07 PM - INFO : ----------------------------------
04/17/2023 03:28:07 PM - INFO : Username: angelestanol0922@gmail.com
04/17/2023 03:28:07 PM - INFO : Userpass: @ng3L0920
04/17/2023 03:28:31 PM - INFO : You have successfully logged in to your account
04/17/2023 03:28:34 PM - INFO : You have successfully log out  your account
04/17/2023 03:28:39 PM - INFO : ----------------------------------
04/17/2023 03:28:39 PM - INFO : UserName: angelica12345
04/17/2023 03:28:39 PM - INFO : UserEmail: angelestanol0922@gmail.com
04/17/2023 09:16:24 PM - INFO : ----------------------------------
04/17/2023 09:16:24 PM - INFO : Username: angelestanol0922@gmail.com
04/17/2023 09:16:24 PM - INFO : Userpass: @ng3L0920
04/17/2023 09:16:42 PM - INFO : You have successfully logged in to your account
04/17/2023 09:16:45 PM - INFO : You have successfully log out  your account
04/18/2023 09:02:02 AM - INFO : ----------------------------------
04/18/2023 09:02:03 AM - INFO : Username: angelestanol0922@gmail.com
04/18/2023 09:02:03 AM - INFO : Userpass: @ng3L0920
04/18/2023 09:02:15 AM - INFO : You have successfully logged in to your account
04/18/2023 09:02:18 AM - INFO : You have successfully log out  your account
04/18/2023 09:02:54 AM - INFO : ----------------------------------
04/18/2023 09:02:54 AM - INFO : UserName: angelica12345
04/18/2023 09:02:54 AM - INFO : UserEmail: angelestanol0922@gmail.com
04/18/2023 09:04:46 AM - INFO : ----------------------------------
04/18/2023 09:04:46 AM - INFO : UserName: angelica123456
04/18/2023 09:04:47 AM - INFO : UserEmail: angelestanol09226@gmail.com
04/18/2023 09:04:54 AM - INFO : success
04/18/2023 09:05:04 AM - INFO : Account successfully created
04/18/2023 09:06:18 AM - INFO : ----------------------------------
04/18/2023 09:06:18 AM - INFO : UserName: angelica123456
04/18/2023 09:06:18 AM - INFO : UserEmail: angelestanol09226@gmail.com
04/18/2023 09:07:55 AM - INFO : ----------------------------------
04/18/2023 09:07:55 AM - INFO : UserName: angelica123456
04/18/2023 09:07:55 AM - INFO : UserEmail: angelestanol09226@gmail.com
04/18/2023 09:08:02 AM - INFO : success
04/18/2023 09:09:22 AM - INFO : ----------------------------------
04/18/2023 09:09:23 AM - INFO : UserName: angelica123456
04/18/2023 09:09:24 AM - INFO : UserEmail: angelestanol09226@gmail.com
04/18/2023 09:09:30 AM - INFO : success
04/18/2023 09:09:38 AM - INFO : Account successfully created
04/18/2023 09:32:10 AM - INFO : ----------------------------------
04/18/2023 09:32:10 AM - INFO : UserName: angelica123456
04/18/2023 09:32:10 AM - INFO : UserEmail: angelestanol09226@gmail.com
04/18/2023 09:32:55 AM - INFO : ----------------------------------
04/18/2023 09:32:55 AM - INFO : UserName: angelica123456
04/18/2023 09:32:55 AM - INFO : UserEmail: angelestanol09226@gmail.com
04/18/2023 09:33:02 AM - INFO : success
04/18/2023 09:33:11 AM - INFO : Account successfully created
04/18/2023 09:35:39 AM - INFO : ----------------------------------
04/18/2023 09:35:39 AM - INFO : UserName: angelica123456
04/18/2023 09:35:39 AM - INFO : UserEmail: angelestanol09226@gmail.com
04/18/2023 09:37:08 AM - INFO : ----------------------------------
04/18/2023 09:37:08 AM - INFO : UserName: angelica123456
04/18/2023 09:37:09 AM - INFO : UserEmail: angelestanol09226@gmail.com
04/18/2023 09:37:15 AM - INFO : success
04/18/2023 09:37:25 AM - INFO : Account successfully created
04/18/2023 09:41:11 AM - INFO : ----------------------------------
04/18/2023 09:41:11 AM - INFO : UserName: angelica123456
04/18/2023 09:41:11 AM - INFO : UserEmail: angelestanol09226@gmail.com
04/18/2023 09:42:04 AM - INFO : ----------------------------------
04/18/2023 09:42:05 AM - INFO : UserName: angelica123456
04/18/2023 09:42:05 AM - INFO : UserEmail: angelestanol09226@gmail.com
04/18/2023 09:42:12 AM - INFO : success
04/18/2023 09:42:42 AM - INFO : Account successfully created
04/18/2023 09:57:52 AM - INFO : ----------------------------------
04/18/2023 09:57:52 AM - INFO : UserName: angelica123456
04/18/2023 09:57:52 AM - INFO : UserEmail: angelestanol09226@gmail.com
04/18/2023 09:57:59 AM - INFO : success
04/18/2023 09:58:07 AM - INFO : Account successfully created
04/18/2023 09:58:22 AM - INFO : Account successfully deleted
04/18/2023 10:40:54 AM - INFO : ----------------------------------
04/18/2023 10:40:55 AM - INFO : UserName: angelica123456
04/18/2023 10:40:56 AM - INFO : UserEmail: angelestanol09226@gmail.com
04/18/2023 10:41:01 AM - INFO : success
04/18/2023 10:41:09 AM - INFO : Account successfully created
04/18/2023 11:36:05 AM - INFO : ----------------------------------
04/18/2023 11:36:05 AM - INFO : UserName: angelica123456
04/18/2023 11:36:06 AM - INFO : UserEmail: angelestanol09226@gmail.com
04/18/2023 11:36:11 AM - INFO : success
04/18/2023 11:36:19 AM - INFO : Account successfully created
04/18/2023 01:15:57 PM - INFO : ----------------------------------
04/18/2023 01:15:58 PM - INFO : UserName: angelica123456
04/18/2023 01:15:58 PM - INFO : UserEmail: angelestanol09226@gmail.com
04/18/2023 01:16:05 PM - INFO : success
04/18/2023 01:16:12 PM - INFO : Account successfully created
04/18/2023 04:39:04 PM - INFO : ----------------------------------
04/18/2023 04:39:05 PM - INFO : UserName: angelica123456
04/18/2023 04:39:05 PM - INFO : UserEmail: angelestanol09226@gmail.com
04/18/2023 04:39:10 PM - INFO : success
04/18/2023 04:39:18 PM - INFO : Account successfully created
04/18/2023 04:39:50 PM - INFO : ----------------------------------
04/18/2023 04:39:50 PM - INFO : UserName: angelica123456
04/18/2023 04:39:50 PM - INFO : UserEmail: angelestanol09226@gmail.com
04/18/2023 07:27:11 PM - INFO : ----------------------------------
04/18/2023 07:27:12 PM - INFO : UserName: angelica123456
04/18/2023 07:27:12 PM - INFO : UserEmail: angelestanol09226@gmail.com
04/18/2023 08:06:36 PM - INFO : ----------------------------------
04/18/2023 08:06:37 PM - INFO : UserName: angelica123456
04/18/2023 08:06:37 PM - INFO : UserEmail: angelestanol09226@gmail.com
04/18/2023 08:06:43 PM - INFO : success
04/18/2023 08:06:51 PM - INFO : Account successfully created
04/19/2023 08:14:15 AM - INFO : ----------------------------------
04/19/2023 08:14:15 AM - INFO : UserName: angelica123456
04/19/2023 08:14:15 AM - INFO : UserEmail: angelestanol09226@gmail.com
04/19/2023 08:14:58 AM - INFO : ----------------------------------
04/19/2023 08:14:58 AM - INFO : Username: angelestanol0922@gmail.com
04/19/2023 08:14:58 AM - INFO : Userpass: @ng3L0920
04/19/2023 08:15:14 AM - INFO : You have successfully logged in to your account
04/19/2023 08:15:18 AM - INFO : You have successfully log out  your account
04/19/2023 08:46:57 AM - INFO : ----------------------------------
04/19/2023 08:46:57 AM - INFO : Username: angelestanol0922@gmail.com
04/19/2023 08:46:58 AM - INFO : Userpass: @ng3L0920
04/19/2023 09:45:53 AM - INFO : ----------------------------------
04/19/2023 09:45:53 AM - INFO : Username: angelestanol0922@gmail.com
04/19/2023 09:45:53 AM - INFO : Userpass: @ng3L0920
04/19/2023 09:46:10 AM - INFO : You have successfully logged in to your account
04/19/2023 09:46:14 AM - INFO : You have successfully log out  your account
04/19/2023 01:46:18 PM - INFO : ----------------------------------
04/19/2023 01:46:52 PM - INFO : ----------------------------------
04/19/2023 01:47:20 PM - INFO : ----------------------------------
04/19/2023 01:51:58 PM - INFO : ----------------------------------
04/19/2023 01:52:00 PM - INFO : Name: Angelica
04/19/2023 01:52:00 PM - INFO : Email: angel.112124@gmail.com
04/19/2023 01:52:00 PM - INFO : Subject: angel.112124@gmail.com
04/19/2023 01:54:04 PM - INFO : ----------------------------------
04/19/2023 01:54:06 PM - INFO : Name: Angelica
04/19/2023 01:54:06 PM - INFO : Email: angel.112124@gmail.com
04/19/2023 01:54:07 PM - INFO : Subject: angel.112124@gmail.com
04/19/2023 01:55:26 PM - INFO : ----------------------------------
04/19/2023 01:55:31 PM - INFO : Name: Angelica
04/19/2023 01:55:31 PM - INFO : Email: angel.112124@gmail.com
04/19/2023 01:56:55 PM - INFO : ----------------------------------
04/19/2023 01:56:57 PM - INFO : Name: Angelica
04/19/2023 01:56:57 PM - INFO : Email: angel.112124@gmail.com
04/19/2023 01:59:38 PM - INFO : ----------------------------------
04/19/2023 01:59:40 PM - INFO : Name: Angelica
04/19/2023 01:59:40 PM - INFO : Email: angel.112124@gmail.com
04/19/2023 02:01:30 PM - INFO : ----------------------------------
04/19/2023 02:01:32 PM - INFO : Name: Angelica
04/19/2023 02:01:32 PM - INFO : Email: angel.112124@gmail.com
04/19/2023 02:02:27 PM - INFO : ----------------------------------
04/19/2023 02:02:29 PM - INFO : Name: Angelica
04/19/2023 02:02:29 PM - INFO : Email: angel.112124@gmail.com
04/19/2023 02:02:29 PM - INFO : Subject: Subject Test
04/19/2023 02:02:29 PM - INFO : Subject: This is sample message
04/19/2023 02:09:07 PM - INFO : ----------------------------------
04/19/2023 02:09:08 PM - INFO : Name: Angelica
04/19/2023 02:09:08 PM - INFO : Email: angel.112124@gmail.com
04/19/2023 02:09:08 PM - INFO : Subject: Subject Test
04/19/2023 02:09:08 PM - INFO : Message: This is sample message
04/19/2023 02:10:19 PM - INFO : ----------------------------------
04/19/2023 02:10:21 PM - INFO : Name: Angelica
04/19/2023 02:10:21 PM - INFO : Email: angel.112124@gmail.com
04/19/2023 02:10:21 PM - INFO : Subject: Subject Test
04/19/2023 02:10:21 PM - INFO : Message: This is sample message
04/19/2023 02:11:13 PM - INFO : ----------------------------------
04/19/2023 02:11:15 PM - INFO : Name: Angelica
04/19/2023 02:11:15 PM - INFO : Email: angel.112124@gmail.com
04/19/2023 02:11:15 PM - INFO : Subject: Subject Test
04/19/2023 02:11:15 PM - INFO : Message: This is sample message
04/19/2023 02:18:52 PM - INFO : ----------------------------------
04/19/2023 02:18:55 PM - INFO : Name: Angelica
04/19/2023 02:18:55 PM - INFO : Email: angel.112124@gmail.com
04/19/2023 02:18:55 PM - INFO : Subject: Subject Test
04/19/2023 02:18:55 PM - INFO : Message: This is sample message
04/19/2023 02:26:49 PM - INFO : ----------------------------------
04/19/2023 02:26:52 PM - INFO : Name: Angelica
04/19/2023 02:26:52 PM - INFO : Email: angel.112124@gmail.com
04/19/2023 02:26:52 PM - INFO : Subject: Subject Test
04/19/2023 02:26:53 PM - INFO : Message: This is sample message
04/19/2023 03:13:33 PM - INFO : ----------------------------------
04/19/2023 03:14:17 PM - INFO : ----------------------------------
04/19/2023 03:15:32 PM - INFO : ----------------------------------
04/19/2023 03:15:34 PM - INFO : Name: Angelica
04/19/2023 03:15:34 PM - INFO : Email: angel.112124@gmail.com
04/19/2023 03:15:34 PM - INFO : Subject: Subject Test
04/19/2023 03:15:34 PM - INFO : Message: This is sample message
04/19/2023 03:19:32 PM - INFO : ----------------------------------
04/19/2023 03:19:38 PM - INFO : Name: Angelica
04/19/2023 03:19:38 PM - INFO : Email: angel.112124@gmail.com
04/19/2023 03:19:38 PM - INFO : Subject: Subject Test
04/19/2023 03:19:38 PM - INFO : Message: This is sample message
04/19/2023 03:23:14 PM - INFO : ----------------------------------
04/19/2023 03:23:16 PM - INFO : Name: Angelica
04/19/2023 03:23:16 PM - INFO : Email: angel.112124@gmail.com
04/19/2023 03:23:16 PM - INFO : Subject: Subject Test
04/19/2023 03:23:17 PM - INFO : Message: This is sample message
04/19/2023 03:24:20 PM - INFO : ----------------------------------
04/19/2023 03:24:23 PM - INFO : Name: Angelica
04/19/2023 03:24:23 PM - INFO : Email: angel.112124@gmail.com
04/19/2023 03:24:24 PM - INFO : Subject: Subject Test
04/19/2023 03:24:24 PM - INFO : Message: This is sample message
04/19/2023 03:24:38 PM - INFO : ----------------------------------
04/19/2023 03:24:40 PM - INFO : Name: Angelica
04/19/2023 03:24:40 PM - INFO : Email: angel.112124@gmail.com
04/19/2023 03:24:41 PM - INFO : Subject: Subject Test
04/19/2023 03:24:41 PM - INFO : Message: This is sample message
04/19/2023 03:24:58 PM - INFO : ----------------------------------
04/19/2023 03:25:00 PM - INFO : Name: Angelica
04/19/2023 03:25:00 PM - INFO : Email: angel.112124@gmail.com
04/19/2023 03:25:00 PM - INFO : Subject: Subject Test
04/19/2023 03:25:00 PM - INFO : Message: This is sample message
04/19/2023 03:47:13 PM - INFO : ----------------------------------
04/19/2023 03:49:00 PM - INFO : ----------------------------------
04/19/2023 03:49:01 PM - INFO : Name: Angelica
04/19/2023 03:49:01 PM - INFO : Email: angel.112124@gmail.com
04/19/2023 03:49:45 PM - INFO : ----------------------------------
04/19/2023 03:49:46 PM - INFO : Name: Angelica
04/19/2023 03:49:46 PM - INFO : Email: angel.112124@gmail.com
04/19/2023 03:50:20 PM - INFO : ----------------------------------
04/19/2023 03:50:20 PM - INFO : Name: Angelica
04/19/2023 03:50:20 PM - INFO : Email: angel.112124@gmail.com
04/19/2023 03:51:14 PM - INFO : ----------------------------------
04/19/2023 03:51:17 PM - INFO : Name: Angelica
04/19/2023 03:51:17 PM - INFO : Email: angel.112124@gmail.com
04/19/2023 03:51:17 PM - INFO : Subject: Subject Test
04/19/2023 03:51:17 PM - INFO : Message: This is sample message
04/19/2023 03:51:52 PM - INFO : ----------------------------------
04/19/2023 03:51:54 PM - INFO : Name: Angelica
04/19/2023 03:51:55 PM - INFO : Email: angel.112124@gmail.com
04/19/2023 03:51:55 PM - INFO : Subject: Subject Test
04/19/2023 03:51:55 PM - INFO : Message: This is sample message
04/19/2023 03:53:16 PM - INFO : ----------------------------------
04/19/2023 03:53:19 PM - INFO : Name: Angelica
04/19/2023 03:53:19 PM - INFO : Email: angel.112124@gmail.com
04/19/2023 03:53:19 PM - INFO : Subject: Subject Test
04/19/2023 03:53:19 PM - INFO : Message: This is sample message
04/19/2023 03:54:57 PM - INFO : ----------------------------------
04/19/2023 03:54:59 PM - INFO : Name: Angelica
04/19/2023 03:54:59 PM - INFO : Email: angel.112124@gmail.com
04/19/2023 03:54:59 PM - INFO : Subject: Subject Test
04/19/2023 03:54:59 PM - INFO : Message: This is sample message
04/19/2023 03:56:30 PM - INFO : ----------------------------------
04/19/2023 03:56:32 PM - INFO : Name: Angelica
04/19/2023 03:56:32 PM - INFO : Email: angel.112124@gmail.com
04/19/2023 03:56:32 PM - INFO : Subject: Subject Test
04/19/2023 03:56:32 PM - INFO : Message: This is sample message
04/19/2023 03:59:34 PM - INFO : ----------------------------------
04/19/2023 03:59:37 PM - INFO : Name: Angelica
04/19/2023 03:59:37 PM - INFO : Email: angel.112124@gmail.com
04/19/2023 03:59:37 PM - INFO : Subject: Subject Test
04/19/2023 03:59:37 PM - INFO : Message: This is sample message
04/19/2023 04:03:41 PM - INFO : ----------------------------------
04/19/2023 04:03:43 PM - INFO : Name: Angelica
04/19/2023 04:03:43 PM - INFO : Email: angel.112124@gmail.com
04/19/2023 04:03:43 PM - INFO : Subject: Subject Test
04/19/2023 04:03:43 PM - INFO : Message: This is sample message
04/19/2023 04:04:24 PM - INFO : ----------------------------------
04/19/2023 04:04:26 PM - INFO : Name: Angelica
04/19/2023 04:04:26 PM - INFO : Email: angel.112124@gmail.com
04/19/2023 04:04:26 PM - INFO : Subject: Subject Test
04/19/2023 04:04:26 PM - INFO : Message: This is sample message
04/19/2023 04:06:22 PM - INFO : ----------------------------------
04/19/2023 04:06:25 PM - INFO : Name: Angelica
04/19/2023 04:06:25 PM - INFO : Email: angel.112124@gmail.com
04/19/2023 04:06:25 PM - INFO : Subject: Subject Test
04/19/2023 04:06:25 PM - INFO : Message: This is sample message
04/19/2023 04:24:19 PM - INFO : ----------------------------------
04/19/2023 04:24:21 PM - INFO : Name: Angelica
04/19/2023 04:24:21 PM - INFO : Email: angel.112124@gmail.com
04/19/2023 04:24:21 PM - INFO : Subject: Subject Test
04/19/2023 04:24:21 PM - INFO : Message: This is sample message
04/19/2023 04:28:52 PM - INFO : ----------------------------------
04/19/2023 04:28:54 PM - INFO : Name: Angelica
04/19/2023 04:28:54 PM - INFO : Email: angel.112124@gmail.com
04/19/2023 04:28:54 PM - INFO : Subject: Subject Test
04/19/2023 04:28:54 PM - INFO : Message: This is sample message
04/19/2023 08:33:47 PM - INFO : ----------------------------------
04/19/2023 08:34:58 PM - INFO : ----------------------------------
04/19/2023 08:35:02 PM - INFO : Test case page: expected title - Automation Practice Website for UI Testing - Test Cases, actual title - Automation Practice Website for UI Testing - Test Cases. Test passed.
04/19/2023 08:38:28 PM - INFO : ----------------------------------
04/19/2023 08:39:23 PM - INFO : ----------------------------------
04/19/2023 08:40:29 PM - INFO : ----------------------------------
04/19/2023 08:43:01 PM - INFO : ----------------------------------
04/19/2023 08:43:05 PM - ERROR : Test case page failed: 'TestCases' object has no attribute 'refresh'
04/19/2023 08:44:14 PM - INFO : ----------------------------------
04/19/2023 08:47:54 PM - INFO : ----------------------------------
04/19/2023 08:48:55 PM - ERROR : Test case page failed: assert 'Automation Exercise' == 'Automation Practice Website for UI Testing - Test Cases'
  - Automation Practice Website for UI Testing - Test Cases
  + Automation Exercise
04/19/2023 09:01:01 PM - INFO : ----------------------------------
04/19/2023 09:04:10 PM - INFO : ----------------------------------
04/19/2023 09:04:42 PM - INFO : ----------------------------------
04/19/2023 09:30:37 PM - ERROR : Test case page failed: Message: no such window: target window already closed
from unknown error: web view not found
  (Session info: chrome=112.0.5615.86)
Stacktrace:
Backtrace:
	GetHandleVerifier [0x00E6DCE3+50899]
	(No symbol) [0x00DFE111]
	(No symbol) [0x00D05588]
	(No symbol) [0x00CED333]
	(No symbol) [0x00D4F4DB]
	(No symbol) [0x00D5DB33]
	(No symbol) [0x00D4B6F6]
	(No symbol) [0x00D27708]
	(No symbol) [0x00D2886D]
	GetHandleVerifier [0x010D3EAE+2566302]
	GetHandleVerifier [0x011092B1+2784417]
	GetHandleVerifier [0x0110327C+2759788]
	GetHandleVerifier [0x00F05740+672048]
	(No symbol) [0x00E08872]
	(No symbol) [0x00E041C8]
	(No symbol) [0x00E042AB]
	(No symbol) [0x00DF71B7]
	BaseThreadInitThunk [0x76027D49+25]
	RtlInitializeExceptionChain [0x7761B74B+107]
	RtlClearBits [0x7761B6CF+191]

04/19/2023 09:44:19 PM - INFO : ----------------------------------
04/19/2023 09:44:33 PM - INFO : ----------------------------------
04/19/2023 09:46:23 PM - INFO : ----------------------------------
04/19/2023 09:46:40 PM - INFO : ----------------------------------
04/19/2023 09:47:40 PM - INFO : ----------------------------------
04/19/2023 09:48:25 PM - INFO : ----------------------------------
04/19/2023 09:48:55 PM - INFO : Test case page passed: expected title - Automation Exercise - All Products, actual title - Automation Exercise - All Products
04/19/2023 09:49:17 PM - INFO : ----------------------------------
04/19/2023 09:49:41 PM - INFO : Test case page passed: expected title - Automation Exercise - All Products, actual title - Automation Exercise - All Products
04/19/2023 09:52:13 PM - INFO : ----------------------------------
04/19/2023 09:53:01 PM - INFO : ----------------------------------
04/19/2023 09:53:48 PM - INFO : Test case page passed: expected title - Automation Exercise - All Products, actual title - Automation Exercise - All Products
04/19/2023 09:54:20 PM - INFO : ----------------------------------
04/19/2023 09:55:17 PM - INFO : Test case page passed: expected title - Automation Exercise - All Products, actual title - Automation Exercise - All Products
04/19/2023 09:55:22 PM - INFO : ----------------------------------
04/19/2023 09:55:24 PM - INFO : Name: Angelica
04/19/2023 09:55:24 PM - INFO : Email: angel.112124@gmail.com
04/19/2023 09:55:24 PM - INFO : Subject: Subject Test
04/19/2023 09:55:25 PM - INFO : Message: This is sample message
04/19/2023 09:55:30 PM - INFO : ----------------------------------
04/19/2023 09:55:30 PM - INFO : UserName: angelica123456
04/19/2023 09:55:31 PM - INFO : UserEmail: angelestanol09226@gmail.com
04/19/2023 10:20:12 PM - INFO : ----------------------------------
04/19/2023 10:20:12 PM - ERROR : Test case page failed: Message: no such element: Unable to locate element: {"method":"xpath","selector":"//button[@id='submit_search']"}
  (Session info: chrome=112.0.5615.86)
Stacktrace:
Backtrace:
	GetHandleVerifier [0x0105DCE3+50899]
	(No symbol) [0x00FEE111]
	(No symbol) [0x00EF5588]
	(No symbol) [0x00F208F9]
	(No symbol) [0x00F20AFB]
	(No symbol) [0x00F4F902]
	(No symbol) [0x00F3B944]
	(No symbol) [0x00F4E01C]
	(No symbol) [0x00F3B6F6]
	(No symbol) [0x00F17708]
	(No symbol) [0x00F1886D]
	GetHandleVerifier [0x012C3EAE+2566302]
	GetHandleVerifier [0x012F92B1+2784417]
	GetHandleVerifier [0x012F327C+2759788]
	GetHandleVerifier [0x010F5740+672048]
	(No symbol) [0x00FF8872]
	(No symbol) [0x00FF41C8]
	(No symbol) [0x00FF42AB]
	(No symbol) [0x00FE71B7]
	BaseThreadInitThunk [0x76027D49+25]
	RtlInitializeExceptionChain [0x7761B74B+107]
	RtlClearBits [0x7761B6CF+191]

04/19/2023 10:22:00 PM - INFO : ----------------------------------
04/19/2023 10:22:00 PM - ERROR : Test case page failed: Message: no such element: Unable to locate element: {"method":"css selector","selector":"[id="submit_search"]"}
  (Session info: chrome=112.0.5615.86)
Stacktrace:
Backtrace:
	GetHandleVerifier [0x00CEDCE3+50899]
	(No symbol) [0x00C7E111]
	(No symbol) [0x00B85588]
	(No symbol) [0x00BB08F9]
	(No symbol) [0x00BB0AFB]
	(No symbol) [0x00BDF902]
	(No symbol) [0x00BCB944]
	(No symbol) [0x00BDE01C]
	(No symbol) [0x00BCB6F6]
	(No symbol) [0x00BA7708]
	(No symbol) [0x00BA886D]
	GetHandleVerifier [0x00F53EAE+2566302]
	GetHandleVerifier [0x00F892B1+2784417]
	GetHandleVerifier [0x00F8327C+2759788]
	GetHandleVerifier [0x00D85740+672048]
	(No symbol) [0x00C88872]
	(No symbol) [0x00C841C8]
	(No symbol) [0x00C842AB]
	(No symbol) [0x00C771B7]
	BaseThreadInitThunk [0x76027D49+25]
	RtlInitializeExceptionChain [0x7761B74B+107]
	RtlClearBits [0x7761B6CF+191]

04/20/2023 07:18:07 AM - INFO : ----------------------------------
04/20/2023 07:18:07 AM - ERROR : Test case page failed: Message: no such element: Unable to locate element: {"method":"css selector","selector":"[id="submit_search"]"}
  (Session info: chrome=112.0.5615.137)
Stacktrace:
Backtrace:
	GetHandleVerifier [0x00B3DCE3+50899]
	(No symbol) [0x00ACE111]
	(No symbol) [0x009D5588]
	(No symbol) [0x00A008F9]
	(No symbol) [0x00A00AFB]
	(No symbol) [0x00A2F902]
	(No symbol) [0x00A1B944]
	(No symbol) [0x00A2E01C]
	(No symbol) [0x00A1B6F6]
	(No symbol) [0x009F7708]
	(No symbol) [0x009F886D]
	GetHandleVerifier [0x00DA3EAE+2566302]
	GetHandleVerifier [0x00DD92B1+2784417]
	GetHandleVerifier [0x00DD327C+2759788]
	GetHandleVerifier [0x00BD5740+672048]
	(No symbol) [0x00AD8872]
	(No symbol) [0x00AD41C8]
	(No symbol) [0x00AD42AB]
	(No symbol) [0x00AC71B7]
	BaseThreadInitThunk [0x76027D49+25]
	RtlInitializeExceptionChain [0x7761B74B+107]
	RtlClearBits [0x7761B6CF+191]

04/20/2023 07:30:37 AM - INFO : ----------------------------------
04/20/2023 07:30:37 AM - ERROR : Test case page failed: 'SearchProducts' object has no attribute 'username_entry'
04/20/2023 07:32:21 AM - INFO : ----------------------------------
04/20/2023 07:32:21 AM - ERROR : Test case page failed: Message: no such element: Unable to locate element: {"method":"xpath","selector":"//input[@id='search_product']"}
  (Session info: chrome=112.0.5615.137)
Stacktrace:
Backtrace:
	GetHandleVerifier [0x005FDCE3+50899]
	(No symbol) [0x0058E111]
	(No symbol) [0x00495588]
	(No symbol) [0x004C08F9]
	(No symbol) [0x004C0AFB]
	(No symbol) [0x004EF902]
	(No symbol) [0x004DB944]
	(No symbol) [0x004EE01C]
	(No symbol) [0x004DB6F6]
	(No symbol) [0x004B7708]
	(No symbol) [0x004B886D]
	GetHandleVerifier [0x00863EAE+2566302]
	GetHandleVerifier [0x008992B1+2784417]
	GetHandleVerifier [0x0089327C+2759788]
	GetHandleVerifier [0x00695740+672048]
	(No symbol) [0x00598872]
	(No symbol) [0x005941C8]
	(No symbol) [0x005942AB]
	(No symbol) [0x005871B7]
	BaseThreadInitThunk [0x76027D49+25]
	RtlInitializeExceptionChain [0x7761B74B+10  7]
	RtlClearBits [0x7761B6CF+191]

04/20/2023 08:30:19 AM - INFO : ----------------------------------
04/20/2023 08:30:19 AM - ERROR : Test case page failed: Message: no such element: Unable to locate element: {"method":"xpath","selector":"//input[@id='search_product']"}
  (Session info: chrome=112.0.5615.137)
Stacktrace:
Backtrace:
	GetHandleVerifier [0x0105DCE3+50899]
	(No symbol) [0x00FEE111]
	(No symbol) [0x00EF5588]
	(No symbol) [0x00F208F9]
	(No symbol) [0x00F20AFB]
	(No symbol) [0x00F4F902]
	(No symbol) [0x00F3B944]
	(No symbol) [0x00F4E01C]
	(No symbol) [0x00F3B6F6]
	(No symbol) [0x00F17708]
	(No symbol) [0x00F1886D]
	GetHandleVerifier [0x012C3EAE+2566302]
	GetHandleVerifier [0x012F92B1+2784417]
	GetHandleVerifier [0x012F327C+2759788]
	GetHandleVerifier [0x010F5740+672048]
	(No symbol) [0x00FF8872]
	(No symbol) [0x00FF41C8]
	(No symbol) [0x00FF42AB]
	(No symbol) [0x00FE71B7]
	BaseThreadInitThunk [0x76027D49+25]
	RtlInitializeExceptionChain [0x7761B74B+107]
	RtlClearBits [0x7761B6CF+191]

04/20/2023 08:32:13 AM - ERROR : Test case page failed: 'SearchProducts' object has no attribute 'wait'
04/20/2023 08:35:23 AM - ERROR : Test case page failed: 'SearchProducts' object has no attribute 'CONTACT_US'
04/20/2023 08:35:58 AM - INFO : ----------------------------------
04/20/2023 08:35:58 AM - ERROR : Test case page failed: Message: no such element: Unable to locate element: {"method":"xpath","selector":"//input[@id='search_product']"}
  (Session info: chrome=112.0.5615.137)
Stacktrace:
Backtrace:
	GetHandleVerifier [0x00F3DCE3+50899]
	(No symbol) [0x00ECE111]
	(No symbol) [0x00DD5588]
	(No symbol) [0x00E008F9]
	(No symbol) [0x00E00AFB]
	(No symbol) [0x00E2F902]
	(No symbol) [0x00E1B944]
	(No symbol) [0x00E2E01C]
	(No symbol) [0x00E1B6F6]
	(No symbol) [0x00DF7708]
	(No symbol) [0x00DF886D]
	GetHandleVerifier [0x011A3EAE+2566302]
	GetHandleVerifier [0x011D92B1+2784417]
	GetHandleVerifier [0x011D327C+2759788]
	GetHandleVerifier [0x00FD5740+672048]
	(No symbol) [0x00ED8872]
	(No symbol) [0x00ED41C8]
	(No symbol) [0x00ED42AB]
	(No symbol) [0x00EC71B7]
	BaseThreadInitThunk [0x76027D49+25]
	RtlInitializeExceptionChain [0x7761B74B+107]
	RtlClearBits [0x7761B6CF+191]

04/20/2023 09:15:21 AM - INFO : ----------------------------------
04/20/2023 09:15:21 AM - ERROR : Test case page failed: 'SearchProducts' object has no attribute 'wait'
04/20/2023 09:24:57 AM - ERROR : Test case page failed: selenium.webdriver.remote.webdriver.WebDriver.find_element() argument after * must be an iterable, not WebElement
04/20/2023 09:26:42 AM - INFO : ----------------------------------
04/20/2023 09:26:43 AM - ERROR : Test case page failed: 'SearchProducts' object has no attribute 'wait'
04/20/2023 09:28:08 AM - INFO : ----------------------------------
04/20/2023 09:28:19 AM - ERROR : Test case page failed: Message: 
Stacktrace:
Backtrace:
	GetHandleVerifier [0x003EDCE3+50899]
	(No symbol) [0x0037E111]
	(No symbol) [0x00285588]
	(No symbol) [0x002B08F9]
	(No symbol) [0x002B0AFB]
	(No symbol) [0x002DF902]
	(No symbol) [0x002CB944]
	(No symbol) [0x002DE01C]
	(No symbol) [0x002CB6F6]
	(No symbol) [0x002A7708]
	(No symbol) [0x002A886D]
	GetHandleVerifier [0x00653EAE+2566302]
	GetHandleVerifier [0x006892B1+2784417]
	GetHandleVerifier [0x0068327C+2759788]
	GetHandleVerifier [0x00485740+672048]
	(No symbol) [0x00388872]
	(No symbol) [0x003841C8]
	(No symbol) [0x003842AB]
	(No symbol) [0x003771B7]
	BaseThreadInitThunk [0x76027D49+25]
	RtlInitializeExceptionChain [0x7761B74B+107]
	RtlClearBits [0x7761B6CF+191]

04/20/2023 10:19:15 AM - INFO : ----------------------------------
04/20/2023 10:19:15 AM - ERROR : Test case page failed: Message: no such element: Unable to locate element: {"method":"xpath","selector":"//input[@id='search_product']"}
  (Session info: chrome=112.0.5615.137)
Stacktrace:
Backtrace:
	GetHandleVerifier [0x00DBDCE3+50899]
	(No symbol) [0x00D4E111]
	(No symbol) [0x00C55588]
	(No symbol) [0x00C808F9]
	(No symbol) [0x00C80AFB]
	(No symbol) [0x00CAF902]
	(No symbol) [0x00C9B944]
	(No symbol) [0x00CAE01C]
	(No symbol) [0x00C9B6F6]
	(No symbol) [0x00C77708]
	(No symbol) [0x00C7886D]
	GetHandleVerifier [0x01023EAE+2566302]
	GetHandleVerifier [0x010592B1+2784417]
	GetHandleVerifier [0x0105327C+2759788]
	GetHandleVerifier [0x00E55740+672048]
	(No symbol) [0x00D58872]
	(No symbol) [0x00D541C8]
	(No symbol) [0x00D542AB]
	(No symbol) [0x00D471B7]
	BaseThreadInitThunk [0x76027D49+25]
	RtlInitializeExceptionChain [0x7761B74B+107]
	RtlClearBits [0x7761B6CF+191]

04/20/2023 10:20:47 AM - INFO : ----------------------------------
04/20/2023 10:20:47 AM - ERROR : Test case page failed: Message: no such element: Unable to locate element: {"method":"xpath","selector":"//input[@id='search_product']"}
  (Session info: chrome=112.0.5615.137)
Stacktrace:
Backtrace:
	GetHandleVerifier [0x00DBDCE3+50899]
	(No symbol) [0x00D4E111]
	(No symbol) [0x00C55588]
	(No symbol) [0x00C808F9]
	(No symbol) [0x00C80AFB]
	(No symbol) [0x00CAF902]
	(No symbol) [0x00C9B944]
	(No symbol) [0x00CAE01C]
	(No symbol) [0x00C9B6F6]
	(No symbol) [0x00C77708]
	(No symbol) [0x00C7886D]
	GetHandleVerifier [0x01023EAE+2566302]
	GetHandleVerifier [0x010592B1+2784417]
	GetHandleVerifier [0x0105327C+2759788]
	GetHandleVerifier [0x00E55740+672048]
	(No symbol) [0x00D58872]
	(No symbol) [0x00D541C8]
	(No symbol) [0x00D542AB]
	(No symbol) [0x00D471B7]
	BaseThreadInitThunk [0x76027D49+25]
	RtlInitializeExceptionChain [0x7761B74B+107]
	RtlClearBits [0x7761B6CF+191]

04/20/2023 10:21:35 AM - INFO : ----------------------------------
04/20/2023 10:21:35 AM - ERROR : Test case page failed: Message: no such element: Unable to locate element: {"method":"xpath","selector":"//input[@id='search_product']"}
  (Session info: chrome=112.0.5615.137)
Stacktrace:
Backtrace:
	GetHandleVerifier [0x00DBDCE3+50899]
	(No symbol) [0x00D4E111]
	(No symbol) [0x00C55588]
	(No symbol) [0x00C808F9]
	(No symbol) [0x00C80AFB]
	(No symbol) [0x00CAF902]
	(No symbol) [0x00C9B944]
	(No symbol) [0x00CAE01C]
	(No symbol) [0x00C9B6F6]
	(No symbol) [0x00C77708]
	(No symbol) [0x00C7886D]
	GetHandleVerifier [0x01023EAE+2566302]
	GetHandleVerifier [0x010592B1+2784417]
	GetHandleVerifier [0x0105327C+2759788]
	GetHandleVerifier [0x00E55740+672048]
	(No symbol) [0x00D58872]
	(No symbol) [0x00D541C8]
	(No symbol) [0x00D542AB]
	(No symbol) [0x00D471B7]
	BaseThreadInitThunk [0x76027D49+25]
	RtlInitializeExceptionChain [0x7761B74B+107]
	RtlClearBits [0x7761B6CF+191]

04/20/2023 10:28:05 AM - INFO : ----------------------------------
04/20/2023 10:28:22 AM - INFO : ----------------------------------
04/20/2023 10:29:09 AM - INFO : ----------------------------------
04/20/2023 10:29:31 AM - INFO : ----------------------------------
04/20/2023 10:30:24 AM - INFO : ----------------------------------
04/20/2023 10:30:59 AM - INFO : ----------------------------------
04/20/2023 10:31:32 AM - INFO : ----------------------------------
04/20/2023 10:32:47 AM - INFO : ----------------------------------
04/20/2023 10:34:56 AM - INFO : ----------------------------------
04/20/2023 04:55:20 PM - INFO : ----------------------------------
04/20/2023 04:55:21 PM - INFO : Name: Angelica
04/20/2023 04:55:22 PM - INFO : Email: angel.112124@gmail.com
04/20/2023 04:55:22 PM - INFO : Subject: Subject Test
04/20/2023 04:55:22 PM - INFO : Message: This is sample message
04/22/2023 09:40:05 PM - INFO : ----------------------------------
04/22/2023 09:42:00 PM - INFO : ----------------------------------
04/22/2023 09:42:03 PM - INFO : Name: Angelica
04/22/2023 09:42:04 PM - INFO : Email: angel.112124@gmail.com
04/22/2023 09:42:04 PM - INFO : Subject: Subject Test
04/22/2023 09:42:04 PM - INFO : Message: This is sample message
04/22/2023 09:42:56 PM - INFO : ----------------------------------
04/22/2023 09:42:58 PM - INFO : Name: Angelica
04/22/2023 09:42:58 PM - INFO : Email: angel.112124@gmail.com
04/22/2023 09:42:58 PM - INFO : Subject: Subject Test
04/22/2023 09:42:58 PM - INFO : Message: This is sample message
04/22/2023 10:19:11 PM - INFO : ----------------------------------
04/22/2023 10:24:10 PM - INFO : ----------------------------------
04/22/2023 10:25:40 PM - INFO : ----------------------------------
04/22/2023 10:27:26 PM - INFO : ----------------------------------
04/22/2023 10:27:52 PM - INFO : ----------------------------------
04/22/2023 10:28:30 PM - INFO : ----------------------------------
04/22/2023 10:28:33 PM - INFO : Name: Angelica
04/22/2023 10:28:33 PM - INFO : Email: angel.112124@gmail.com
04/22/2023 10:28:33 PM - INFO : Subject: Subject Test
04/22/2023 10:28:33 PM - INFO : Message: This is sample message
04/22/2023 10:31:02 PM - INFO : ----------------------------------
04/22/2023 10:31:03 PM - INFO : Name: Angelica
04/22/2023 10:31:03 PM - INFO : Email: angel.112124@gmail.com
04/22/2023 10:31:03 PM - INFO : Subject: Subject Test
04/22/2023 10:31:03 PM - INFO : Message: This is sample message
04/22/2023 10:32:16 PM - INFO : ----------------------------------
04/22/2023 10:32:18 PM - INFO : Name: Angelica
04/22/2023 10:32:18 PM - INFO : Email: angel.112124@gmail.com
04/22/2023 10:32:18 PM - INFO : Subject: Subject Test
04/22/2023 10:32:18 PM - INFO : Message: This is sample message
04/22/2023 10:34:09 PM - INFO : ----------------------------------
04/22/2023 10:34:11 PM - INFO : Name: Angelica
04/22/2023 10:34:11 PM - INFO : Email: angel.112124@gmail.com
04/22/2023 10:34:11 PM - INFO : Subject: Subject Test
04/22/2023 10:34:11 PM - INFO : Message: This is sample message
04/22/2023 10:50:24 PM - INFO : ----------------------------------
04/22/2023 10:50:26 PM - INFO : Name: Angelica
04/22/2023 10:50:26 PM - INFO : Email: angel.112124@gmail.com
04/22/2023 10:50:26 PM - INFO : Subject: Subject Test
04/22/2023 10:50:27 PM - INFO : Message: This is sample message
04/22/2023 10:52:29 PM - INFO : ----------------------------------
04/22/2023 10:52:33 PM - INFO : Name: Angelica
04/22/2023 10:52:33 PM - INFO : Email: angel.112124@gmail.com
04/22/2023 10:52:33 PM - INFO : Subject: Subject Test
04/22/2023 10:52:33 PM - INFO : Message: This is sample message
04/22/2023 11:00:09 PM - INFO : ----------------------------------
04/22/2023 11:00:11 PM - INFO : Name: Angelica
04/22/2023 11:00:11 PM - INFO : Email: angel.112124@gmail.com
04/22/2023 11:00:11 PM - INFO : Subject: Subject Test
04/22/2023 11:00:11 PM - INFO : Message: This is sample message
04/22/2023 11:04:24 PM - INFO : ----------------------------------
04/22/2023 11:04:26 PM - INFO : Name: Angelica
04/22/2023 11:04:26 PM - INFO : Email: angel.112124@gmail.com
04/22/2023 11:04:26 PM - INFO : Subject: Subject Test
04/22/2023 11:04:26 PM - INFO : Message: This is sample message
04/24/2023 09:17:19 AM - INFO : ----------------------------------
04/24/2023 09:17:20 AM - INFO : Name: Angelica
04/24/2023 09:17:20 AM - INFO : Email: angel.112124@gmail.com
04/24/2023 09:17:20 AM - INFO : Subject: Subject Test
04/24/2023 09:17:21 AM - INFO : Message: This is sample message
04/24/2023 08:51:34 PM - INFO : ----------------------------------
04/24/2023 08:51:38 PM - INFO : Name: Angelica
04/24/2023 08:51:38 PM - INFO : Email: angel.112124@gmail.com
04/24/2023 08:51:38 PM - INFO : Subject: Subject Test
04/24/2023 08:51:38 PM - INFO : Message: This is sample message
04/24/2023 08:52:47 PM - INFO : ----------------------------------
04/24/2023 08:54:44 PM - INFO : ----------------------------------
04/24/2023 09:00:28 PM - INFO : ----------------------------------
04/24/2023 09:05:58 PM - INFO : ----------------------------------
04/24/2023 09:17:57 PM - INFO : ----------------------------------
04/24/2023 09:17:57 PM - INFO : Product: Blue Top
04/25/2023 10:01:05 AM - INFO : ----------------------------------
04/25/2023 10:05:02 AM - INFO : ----------------------------------
04/25/2023 10:13:19 AM - INFO : ----------------------------------
04/25/2023 10:15:56 AM - INFO : ----------------------------------
04/25/2023 10:18:17 AM - INFO : ----------------------------------
04/25/2023 10:19:35 AM - INFO : ----------------------------------
04/25/2023 10:21:58 AM - INFO : ----------------------------------
04/25/2023 10:29:45 AM - INFO : ----------------------------------
04/25/2023 10:39:11 AM - INFO : ----------------------------------
04/25/2023 10:45:49 AM - INFO : ----------------------------------
04/25/2023 10:45:52 AM - INFO : Email: angelestanol09226@gmail.com
04/25/2023 10:47:53 AM - INFO : ----------------------------------
04/25/2023 10:47:55 AM - INFO : Email: angelestanol09226@gmail.com
04/25/2023 10:49:25 AM - INFO : ----------------------------------
04/25/2023 10:49:28 AM - INFO : Email: angelestanol09226@gmail.com
04/25/2023 10:51:16 AM - INFO : ----------------------------------
04/25/2023 10:51:18 AM - INFO : Email: angelestanol09226@gmail.com
04/25/2023 11:03:59 AM - INFO : ----------------------------------
04/25/2023 11:05:52 AM - INFO : ----------------------------------
04/25/2023 11:05:54 AM - INFO : Email: angelestanol09226@gmail.com
04/25/2023 11:07:01 AM - INFO : ----------------------------------
04/25/2023 11:07:03 AM - INFO : Email: angelestanol09226@gmail.com
04/25/2023 11:15:59 AM - INFO : ----------------------------------
04/25/2023 11:16:01 AM - INFO : Email: angelestanol09226@gmail.com
04/25/2023 01:35:04 PM - INFO : ----------------------------------
04/25/2023 01:35:06 PM - INFO : Email: angelestanol09226@gmail.com
04/26/2023 08:57:34 AM - INFO : UserName: angelica123456
04/26/2023 08:57:34 AM - INFO : UserEmail: angelestanol09226@gmail.com
04/26/2023 08:58:45 AM - INFO : UserName: angelica1234567
04/26/2023 08:58:45 AM - INFO : UserEmail: angelestanol092267@gmail.com
04/26/2023 09:01:54 AM - INFO : UserName: angelica1234567
04/26/2023 09:01:55 AM - INFO : UserEmail: angelestanol092267@gmail.com
04/26/2023 09:02:44 AM - INFO : UserName: angelica1234567
04/26/2023 09:02:45 AM - INFO : UserEmail: angelestanol092267@gmail.com
04/26/2023 09:03:00 AM - INFO : Account successfully created
04/26/2023 09:03:20 AM - INFO : Account successfully deleted
04/26/2023 09:34:35 AM - INFO : UserName: angelica1234567
04/26/2023 09:34:36 AM - INFO : UserEmail: angelestanol092267@gmail.com
04/26/2023 09:35:19 AM - INFO : Account successfully created
04/26/2023 09:36:52 AM - INFO : UserName: angelica1234567
04/26/2023 09:36:52 AM - INFO : UserEmail: angelestanol092267@gmail.com
04/26/2023 09:39:38 AM - INFO : UserName: angelica1234567
04/26/2023 09:39:38 AM - INFO : UserEmail: angelestanol092267@gmail.com
04/26/2023 09:40:19 AM - INFO : UserName: angelica12345678
04/26/2023 09:40:20 AM - INFO : UserEmail: angelestanol0922678@gmail.com
04/26/2023 09:40:33 AM - INFO : Account successfully created
04/26/2023 09:40:54 AM - INFO : Account successfully deleted
04/26/2023 09:56:26 AM - INFO : UserName: angelica12345678
04/26/2023 09:56:26 AM - INFO : UserEmail: angelestanol0922678@gmail.com
04/26/2023 09:56:42 AM - INFO : Account successfully created
04/26/2023 09:57:03 AM - INFO : Account successfully deleted
04/26/2023 10:41:26 AM - INFO : ----------------------------------
04/26/2023 10:42:01 AM - INFO : ----------------------------------
04/26/2023 10:42:04 AM - INFO : Email: angelestanol0922678@gmail.com
04/26/2023 10:42:26 AM - INFO : ----------------------------------
04/26/2023 10:42:37 AM - INFO : Test case page passed: expected title - Automation Exercise - All Products, actual title - Automation Exercise - All Products
04/26/2023 10:42:40 AM - INFO : ----------------------------------
04/26/2023 10:42:45 AM - ERROR : Test case page failed: expected title - Automation Exercise - All Products, actual title - Automation Exercise
04/26/2023 10:43:18 AM - INFO : ----------------------------------
04/26/2023 10:43:18 AM - INFO : Product: Blue Top
04/26/2023 10:43:57 AM - INFO : ----------------------------------
04/26/2023 10:43:59 AM - INFO : Email: angelestanol0922678@gmail.com
04/26/2023 10:44:23 AM - INFO : ----------------------------------
04/26/2023 10:44:27 AM - INFO : Name: Angelica
04/26/2023 10:44:27 AM - INFO : Email: angel.112124@gmail.com
04/26/2023 10:44:27 AM - INFO : Subject: Subject Test
04/26/2023 10:44:27 AM - INFO : Message: This is sample message
04/26/2023 10:44:38 AM - INFO : ----------------------------------
04/26/2023 10:44:38 AM - INFO : Username: angelestanol0922@gmail.com
04/26/2023 10:44:38 AM - INFO : Userpass: @ng3L0920
04/26/2023 10:44:55 AM - INFO : You have successfully logged in to your account
04/26/2023 10:44:58 AM - INFO : You have successfully log out  your account
04/26/2023 10:45:10 AM - INFO : UserName: angelica12345678
04/26/2023 10:45:10 AM - INFO : UserEmail: angelestanol0922678@gmail.com
04/26/2023 10:45:26 AM - INFO : Account successfully created
04/26/2023 10:45:47 AM - INFO : Account successfully deleted
04/26/2023 10:47:36 AM - INFO : UserName: angelica12345678
04/26/2023 10:47:36 AM - INFO : UserEmail: angelestanol0922678@gmail.com
04/26/2023 10:47:51 AM - INFO : Account successfully created
04/26/2023 10:48:09 AM - INFO : Account successfully deleted
04/26/2023 11:34:07 AM - INFO : Username: angelestanol0922@gmail.com
04/26/2023 11:34:07 AM - INFO : Userpass: @ng3L0920
04/26/2023 11:37:03 AM - INFO : Username: angelestanol0922@gmail.com
04/26/2023 11:37:03 AM - INFO : Userpass: @ng3L0920
04/26/2023 11:38:27 AM - INFO : Username: angelestanol0922@gmail.com
04/26/2023 11:38:27 AM - INFO : Userpass: @ng3L0920
04/26/2023 11:46:58 AM - INFO : Username: angelestanol0922@gmail.com
04/26/2023 11:46:58 AM - INFO : Userpass: @ng3L0920
04/26/2023 11:50:11 AM - INFO : Username: angelestanol0922@gmail.com
04/26/2023 11:50:11 AM - INFO : Userpass: @ng3L0920
04/26/2023 11:53:09 AM - INFO : Username: angelestanol0922@gmail.com
04/26/2023 11:53:09 AM - INFO : Userpass: @ng3L0920
04/26/2023 11:54:37 AM - INFO : Username: angelestanol0922@gmail.com
04/26/2023 11:54:37 AM - INFO : Userpass: @ng3L0920
04/26/2023 11:56:41 AM - INFO : Username: angelestanol0922@gmail.com
04/26/2023 11:56:41 AM - INFO : Userpass: @ng3L0920
04/26/2023 12:02:35 PM - INFO : Username: angelestanol0922@gmail.com
04/26/2023 12:02:35 PM - INFO : Userpass: @ng3L0920
04/26/2023 12:06:00 PM - INFO : Username: angelestanol0922@gmail.com
04/26/2023 12:06:00 PM - INFO : Userpass: @ng3L0920
04/26/2023 12:07:09 PM - INFO : Username: angelestanol0922@gmail.com
04/26/2023 12:07:09 PM - INFO : Userpass: @ng3L0920
04/26/2023 12:07:53 PM - INFO : Username: angelestanol0922@gmail.com
04/26/2023 12:07:53 PM - INFO : Userpass: @ng3L0920
04/26/2023 12:09:14 PM - INFO : Username: angelestanol0922@gmail.com
04/26/2023 12:09:14 PM - INFO : Userpass: @ng3L0920
04/26/2023 01:09:31 PM - INFO : Username: angelestanol0922@gmail.com
04/26/2023 01:09:31 PM - INFO : Userpass: @ng3L0920
04/26/2023 02:09:50 PM - INFO : Username: angelestanol0922@gmail.com
04/26/2023 02:09:51 PM - INFO : Userpass: @ng3L0920
04/26/2023 02:11:58 PM - INFO : Username: angelestanol0922@gmail.com
04/26/2023 02:11:58 PM - INFO : Userpass: @ng3L0920
04/26/2023 02:14:51 PM - INFO : Username: angelestanol0922@gmail.com
04/26/2023 02:14:51 PM - INFO : Userpass: @ng3L0920
04/26/2023 02:35:04 PM - INFO : Username: angelestanol0922@gmail.com
04/26/2023 02:35:04 PM - INFO : Userpass: @ng3L0920
04/26/2023 02:36:43 PM - INFO : Username: angelestanol0922@gmail.com
04/26/2023 02:36:44 PM - INFO : Userpass: @ng3L0920
04/26/2023 02:39:23 PM - INFO : Username: angelestanol0922@gmail.com
04/26/2023 02:39:23 PM - INFO : Userpass: @ng3L0920
04/26/2023 02:40:58 PM - INFO : Username: angelestanol0922@gmail.com
04/26/2023 02:40:58 PM - INFO : Userpass: @ng3L0920
04/26/2023 02:51:13 PM - INFO : Username: angelestanol0922@gmail.com
04/26/2023 02:51:13 PM - INFO : Userpass: @ng3L0920
04/26/2023 02:52:38 PM - INFO : Username: angelestanol0922@gmail.com
04/26/2023 02:52:38 PM - INFO : Userpass: @ng3L0920
04/26/2023 03:01:46 PM - INFO : Username: angelestanol0922@gmail.com
04/26/2023 03:01:47 PM - INFO : Userpass: @ng3L0920
04/26/2023 03:02:58 PM - INFO : Username: angelestanol0922@gmail.com
04/26/2023 03:02:59 PM - INFO : Userpass: @ng3L0920
04/26/2023 03:06:57 PM - INFO : Username: angelestanol0922@gmail.com
04/26/2023 03:06:57 PM - INFO : Userpass: @ng3L0920
04/26/2023 03:07:36 PM - INFO : Username: xxxxxxx@gmail.com
04/26/2023 03:07:36 PM - INFO : Userpass: pass123
04/26/2023 03:15:10 PM - INFO : Username: xxxxxxx@gmail.com
04/26/2023 03:15:10 PM - INFO : Userpass: pass123
04/26/2023 03:17:32 PM - INFO : Username: xxxxxxx@gmail.com
04/26/2023 03:17:33 PM - INFO : Userpass: pass123
04/26/2023 04:07:58 PM - INFO : Username: xxxxxxx@gmail.com
04/26/2023 04:07:58 PM - INFO : Userpass: pass123
04/26/2023 04:14:24 PM - INFO : Username: ccccc@gmail.com
04/26/2023 04:14:24 PM - INFO : Userpass: pass123
04/26/2023 04:17:55 PM - INFO : Username: ccccc@gmail.com
04/26/2023 04:17:56 PM - INFO : Userpass: pass123
04/26/2023 04:21:16 PM - INFO : Username: ccccc@gmail.com
04/26/2023 04:21:16 PM - INFO : Userpass: pass123
04/26/2023 10:50:38 PM - INFO : Username: ccccc@gmail.com
04/26/2023 10:50:39 PM - INFO : Userpass: pass123
04/26/2023 11:00:49 PM - INFO : Username: ccccc@gmail.com
04/26/2023 11:00:49 PM - INFO : Userpass: pass123
04/26/2023 11:00:58 PM - INFO : Username: xxxxxxxX@gmail.com
04/26/2023 11:00:58 PM - INFO : Userpass: pass123
04/26/2023 11:05:10 PM - INFO : Username: ccccc@gmail.com
04/26/2023 11:05:10 PM - INFO : Userpass: pass123
04/26/2023 11:05:20 PM - INFO : Username: xxxxxxxX@gmail.com
04/26/2023 11:05:20 PM - INFO : Userpass: pass123
04/26/2023 11:07:15 PM - INFO : Username: xxxxxxxX@gmail.com
04/26/2023 11:07:15 PM - INFO : Userpass: pass123
04/26/2023 11:09:43 PM - INFO : UserName: angelica12345678
04/26/2023 11:09:44 PM - INFO : UserEmail: angelestanol0922678@gmail.com
04/26/2023 11:09:59 PM - INFO : Account successfully created
04/26/2023 11:10:19 PM - INFO : Account successfully deleted
04/26/2023 11:10:27 PM - INFO : Username: ccccc@gmail.com
04/26/2023 11:10:27 PM - INFO : Userpass: pass123
04/26/2023 11:10:35 PM - INFO : Username: xxxxxxxX@gmail.com
04/26/2023 11:10:35 PM - INFO : Userpass: pass123
04/26/2023 11:17:02 PM - INFO : UserName: angelica12345678
04/26/2023 11:17:02 PM - INFO : UserEmail: angelestanol0922678@gmail.com
04/26/2023 11:17:16 PM - INFO : Account successfully created
04/26/2023 11:17:31 PM - INFO : Account successfully deleted
04/26/2023 11:17:36 PM - INFO : Username: ccccc@gmail.com
04/26/2023 11:17:36 PM - INFO : Userpass: pass123
04/26/2023 11:17:42 PM - INFO : Username: xxxxxxxX@gmail.com
04/26/2023 11:17:43 PM - INFO : Userpass: pass123
04/26/2023 11:18:50 PM - INFO : UserName: angelica12345678
04/26/2023 11:18:50 PM - INFO : UserEmail: angelestanol0922678@gmail.com
04/26/2023 11:19:03 PM - INFO : Account successfully created
04/26/2023 11:19:21 PM - INFO : Account successfully deleted
04/26/2023 11:19:30 PM - INFO : Username: ccccc@gmail.com
04/26/2023 11:19:30 PM - INFO : Userpass: pass123
04/26/2023 11:19:43 PM - INFO : Username: xxxxxxxX@gmail.com
04/26/2023 11:19:43 PM - INFO : Userpass: pass123
04/26/2023 11:23:17 PM - INFO : UserName: angelica12345678
04/26/2023 11:23:18 PM - INFO : UserEmail: angelestanol0922678@gmail.com
04/26/2023 11:23:31 PM - INFO : Account successfully created
04/26/2023 11:23:54 PM - INFO : Account successfully deleted
04/26/2023 11:24:05 PM - INFO : Username: ccccc@gmail.com
04/26/2023 11:24:05 PM - INFO : Userpass: pass123
04/26/2023 11:24:16 PM - INFO : Username: xxxxxxxX@gmail.com
04/26/2023 11:24:16 PM - INFO : Userpass: pass123
04/26/2023 11:28:17 PM - INFO : UserName: angelica12345678
04/26/2023 11:28:17 PM - INFO : UserEmail: angelestanol0922678@gmail.com
04/26/2023 11:28:36 PM - INFO : Username: ccccc@gmail.com
04/26/2023 11:28:36 PM - INFO : Userpass: pass123
04/26/2023 11:28:50 PM - INFO : Username: xxxxxxxX@gmail.com
04/26/2023 11:28:50 PM - INFO : Userpass: pass123
04/26/2023 11:31:38 PM - INFO : UserName: angelica12345678
04/26/2023 11:31:38 PM - INFO : UserEmail: angelestanol0922678@gmail.com
04/26/2023 11:31:53 PM - INFO : Account successfully created
04/26/2023 11:32:08 PM - INFO : Account successfully deleted
04/26/2023 11:32:12 PM - INFO : Username: ccccc@gmail.com
04/26/2023 11:32:13 PM - INFO : Userpass: pass123
04/26/2023 11:32:19 PM - INFO : Username: xxxxxxxX@gmail.com
04/26/2023 11:32:20 PM - INFO : Userpass: pass123
04/26/2023 11:34:16 PM - INFO : Username: xxxxxxxX@gmail.com
04/26/2023 11:34:17 PM - INFO : Userpass: pass123
04/26/2023 11:36:23 PM - INFO : Username: xxxxxxxX@gmail.com
04/26/2023 11:36:23 PM - INFO : Userpass: pass123
04/26/2023 11:36:52 PM - INFO : UserName: angelica12345678
04/26/2023 11:36:52 PM - INFO : UserEmail: angelestanol0922678@gmail.com
04/26/2023 11:37:08 PM - INFO : Account successfully created
04/26/2023 11:37:25 PM - INFO : Account successfully deleted
04/26/2023 11:40:04 PM - INFO : UserName: angelica12345678
04/26/2023 11:40:04 PM - INFO : UserEmail: angelestanol0922678@gmail.com
04/26/2023 11:40:24 PM - INFO : Account successfully created
04/26/2023 11:40:41 PM - INFO : Account successfully deleted
04/26/2023 11:40:47 PM - INFO : Username: ccccc@gmail.com
04/26/2023 11:40:47 PM - INFO : Userpass: pass123
04/26/2023 11:40:55 PM - INFO : Username: xxxxxxxX@gmail.com
04/26/2023 11:40:56 PM - INFO : Userpass: pass123
04/27/2023 08:23:09 AM - INFO : UserName: angelica12345678
04/27/2023 08:23:09 AM - INFO : UserEmail: angelestanol0922678@gmail.com
04/27/2023 08:23:21 AM - INFO : Account successfully created
04/27/2023 08:23:37 AM - INFO : Account successfully deleted
04/27/2023 08:23:42 AM - INFO : Username: ccccc@gmail.com
04/27/2023 08:23:42 AM - INFO : Userpass: pass123
04/27/2023 08:23:51 AM - INFO : Username: xxxxxxxX@gmail.com
04/27/2023 08:23:51 AM - INFO : Userpass: pass123
04/27/2023 08:24:19 AM - INFO : Username: ccccc@gmail.com
04/27/2023 08:24:19 AM - INFO : Userpass: pass123
04/27/2023 08:57:33 AM - INFO : Username: ccccc@gmail.com
04/27/2023 08:57:34 AM - INFO : Userpass: pass123
04/27/2023 08:58:52 AM - INFO : UserName: angelica12345678
04/27/2023 08:58:52 AM - INFO : UserEmail: angelestanol0922678@gmail.com
04/27/2023 09:03:54 AM - INFO : UserName: angelica12345678
04/27/2023 09:03:54 AM - INFO : UserEmail: angelestanol0922678@gmail.com
04/27/2023 09:12:50 AM - INFO : UserName: angelica12345678
04/27/2023 09:12:50 AM - INFO : UserEmail: angelestanol0922678@gmail.com
04/27/2023 09:13:03 AM - INFO : Account successfully created
04/27/2023 09:13:27 AM - INFO : Account successfully deleted
04/27/2023 09:13:41 AM - INFO : Username: ccccc@gmail.com
04/27/2023 09:13:42 AM - INFO : Userpass: pass123
04/27/2023 09:13:54 AM - INFO : Username: xxxxxxxX@gmail.com
04/27/2023 09:13:54 AM - INFO : Userpass: pass123
04/27/2023 09:14:06 AM - INFO : Username: ccccc@gmail.com
04/27/2023 09:14:06 AM - INFO : Userpass: pass123
04/27/2023 09:24:30 AM - INFO : Username: dddddd44444@gmail.com
04/27/2023 09:24:30 AM - INFO : Userpass: pass123
04/27/2023 09:27:54 AM - INFO : Username: dddddd44444@gmail.com
04/27/2023 09:27:54 AM - INFO : Userpass: pass123
04/27/2023 09:46:55 AM - INFO : Username: dddddd44444@gmail.com
04/27/2023 09:46:55 AM - INFO : Userpass: pass123
04/27/2023 09:50:33 AM - INFO : UserName: angelica12345678
04/27/2023 09:50:33 AM - INFO : UserEmail: angelestanol0922678@gmail.com
04/27/2023 09:50:45 AM - INFO : Account successfully created
04/27/2023 09:51:08 AM - INFO : Account successfully deleted
04/27/2023 09:51:18 AM - INFO : Username: dddddd44444@gmail.com
04/27/2023 09:51:18 AM - INFO : Userpass: pass123
04/27/2023 09:51:30 AM - INFO : Account successfully deleted
04/27/2023 09:51:44 AM - INFO : Username: xxxxxxxX@gmail.com
04/27/2023 09:51:44 AM - INFO : Userpass: pass123
04/27/2023 09:51:54 AM - INFO : Username: dddddd44444@gmail.com
04/27/2023 09:51:54 AM - INFO : Userpass: pass123
04/27/2023 10:03:53 AM - INFO : UserName: angelica12345678
04/27/2023 10:03:53 AM - INFO : UserEmail: angelestanol0922678@gmail.com
04/27/2023 10:04:10 AM - INFO : Username: dddddd44444@gmail.com
04/27/2023 10:04:10 AM - INFO : Userpass: pass123
04/27/2023 10:04:21 AM - INFO : Username: xxxxxxxX@gmail.com
04/27/2023 10:04:21 AM - INFO : Userpass: pass123
04/27/2023 10:04:37 AM - INFO : Username: dddddd44444@gmail.com
04/27/2023 10:04:37 AM - INFO : Userpass: pass123
04/27/2023 10:11:04 AM - INFO : UserName: angelica12345678
04/27/2023 10:11:05 AM - INFO : UserEmail: angelestanol0922678@gmail.com
04/27/2023 10:12:17 AM - INFO : UserName: angelica12345678
04/27/2023 10:12:17 AM - INFO : UserEmail: angelestanol0922678@gmail.com
04/27/2023 10:12:31 AM - INFO : Account successfully created
04/27/2023 10:12:52 AM - INFO : Account successfully deleted
04/27/2023 10:13:05 AM - INFO : Username: dddddd44444@gmail.com
04/27/2023 10:13:05 AM - INFO : Userpass: pass123
04/27/2023 10:13:20 AM - INFO : Account successfully deleted
04/27/2023 10:13:34 AM - INFO : Username: xxxxxxxX@gmail.com
04/27/2023 10:13:34 AM - INFO : Userpass: pass123
04/27/2023 10:13:44 AM - INFO : Username: dddddd44444@gmail.com
04/27/2023 10:13:44 AM - INFO : Userpass: pass123
04/27/2023 10:39:45 AM - INFO : Name: Angelica
04/27/2023 10:39:45 AM - INFO : Email: angel.112124@gmail.com
04/27/2023 10:39:45 AM - INFO : Subject: Subject Test
04/27/2023 10:39:45 AM - INFO : Message: This is sample message
04/27/2023 10:40:42 AM - INFO : Name: Angelica
04/27/2023 10:40:42 AM - INFO : Email: angel.112124@gmail.com
04/27/2023 10:40:42 AM - INFO : Subject: Subject Test
04/27/2023 10:40:42 AM - INFO : Message: This is sample message
04/27/2023 10:41:15 AM - INFO : Name: Angelica
04/27/2023 10:41:15 AM - INFO : Email: angel.112124@gmail.com
04/27/2023 10:41:15 AM - INFO : Subject: Subject Test
04/27/2023 10:41:15 AM - INFO : Message: This is sample message
04/27/2023 01:13:29 PM - INFO : ----------------------------------
04/27/2023 09:23:14 PM - INFO : ----------------------------------
04/27/2023 09:25:33 PM - INFO : ----------------------------------
04/27/2023 11:10:33 PM - INFO : ----------------------------------
04/27/2023 11:10:53 PM - INFO : ----------------------------------
04/27/2023 11:12:02 PM - INFO : ----------------------------------
04/27/2023 11:13:33 PM - INFO : ----------------------------------
04/27/2023 11:19:46 PM - INFO : ----------------------------------
04/27/2023 11:22:05 PM - INFO : ----------------------------------
04/27/2023 11:24:36 PM - INFO : ----------------------------------
04/27/2023 11:25:09 PM - INFO : ----------------------------------
04/28/2023 08:47:29 AM - INFO : ----------------------------------
04/28/2023 08:48:31 AM - INFO : ----------------------------------
04/28/2023 08:53:44 AM - INFO : ----------------------------------
04/28/2023 08:54:46 AM - INFO : ----------------------------------
04/28/2023 08:57:07 AM - INFO : ----------------------------------
04/28/2023 08:57:57 AM - INFO : ----------------------------------
04/28/2023 08:59:25 AM - INFO : ----------------------------------
04/28/2023 09:00:03 AM - INFO : ----------------------------------
04/28/2023 09:01:39 AM - INFO : ----------------------------------
04/28/2023 09:05:51 AM - INFO : ----------------------------------
04/28/2023 10:07:36 AM - INFO : ----------------------------------
04/28/2023 10:11:13 AM - INFO : ----------------------------------
04/28/2023 10:18:37 AM - INFO : ----------------------------------
04/28/2023 10:20:14 AM - INFO : ----------------------------------
04/28/2023 10:26:47 AM - INFO : ----------------------------------
04/28/2023 10:29:01 AM - INFO : ----------------------------------
04/28/2023 10:29:33 AM - INFO : ----------------------------------
04/28/2023 10:31:45 AM - INFO : ----------------------------------
04/28/2023 11:20:54 AM - INFO : ----------------------------------
04/28/2023 11:21:53 AM - INFO : ----------------------------------
04/28/2023 11:29:51 AM - INFO : ----------------------------------
04/28/2023 11:31:42 AM - INFO : ----------------------------------
04/28/2023 11:34:38 AM - INFO : ----------------------------------
04/28/2023 11:34:56 AM - INFO : ----------------------------------
04/28/2023 11:41:46 AM - INFO : ----------------------------------
04/28/2023 11:43:00 AM - INFO : ----------------------------------
04/28/2023 01:26:35 PM - INFO : ----------------------------------
04/28/2023 01:33:24 PM - INFO : ----------------------------------
04/28/2023 01:34:32 PM - INFO : ----------------------------------
04/28/2023 01:40:27 PM - INFO : ----------------------------------
04/28/2023 01:45:46 PM - INFO : ----------------------------------
04/28/2023 01:49:24 PM - INFO : ----------------------------------
04/28/2023 01:52:51 PM - INFO : ----------------------------------
04/28/2023 02:18:54 PM - INFO : Product: Blue Top
04/28/2023 02:21:46 PM - INFO : Product: Blue Top
04/28/2023 02:24:34 PM - INFO : Product: Blue Top
04/28/2023 02:38:43 PM - INFO : Product: Blue Top
04/28/2023 02:40:38 PM - INFO : Product: Blue Top
04/28/2023 02:42:53 PM - INFO : Product: Blue Top
04/28/2023 03:03:26 PM - INFO : Product: Blue Top
04/28/2023 03:07:32 PM - INFO : ----------------------------------
04/28/2023 03:07:34 PM - INFO : Email: angelestanol0922678@gmail.com
04/28/2023 03:14:01 PM - INFO : ----------------------------------
04/28/2023 03:15:11 PM - INFO : ----------------------------------
04/28/2023 03:16:07 PM - INFO : ----------------------------------
04/28/2023 03:16:09 PM - INFO : Email: angelestanol0922678@gmail.com
04/28/2023 03:19:16 PM - INFO : ----------------------------------
04/28/2023 03:19:18 PM - INFO : Email: angelestanol0922678@gmail.com
05/01/2023 02:32:20 PM - INFO : ----------------------------------
05/01/2023 02:32:23 PM - INFO : Email: angelestanol0922678@gmail.com
05/01/2023 02:52:29 PM - INFO : ----------------------------------
05/01/2023 02:52:29 PM - INFO : Email: angelestanol0922678@gmail.com
05/01/2023 02:55:46 PM - INFO : ----------------------------------
05/01/2023 02:55:46 PM - INFO : Email: angelestanol0922678@gmail.com
05/01/2023 02:57:21 PM - INFO : ----------------------------------
05/01/2023 02:57:21 PM - INFO : Email: angelestanol0922678@gmail.com
05/01/2023 02:59:07 PM - INFO : ----------------------------------
05/01/2023 02:59:07 PM - INFO : Email: angelestanol0922678@gmail.com
05/01/2023 03:01:45 PM - INFO : ----------------------------------
05/01/2023 03:01:45 PM - INFO : Email: angelestanol0922678@gmail.com
05/01/2023 04:40:35 PM - INFO : ----------------------------------
05/01/2023 04:40:35 PM - INFO : Email: angelestanol0922678@gmail.com
05/01/2023 04:42:20 PM - INFO : ----------------------------------
05/01/2023 04:42:20 PM - INFO : Email: angelestanol0922678@gmail.com
05/01/2023 04:48:18 PM - INFO : ----------------------------------
05/01/2023 04:48:18 PM - INFO : Email: angelestanol0922678@gmail.com
05/01/2023 04:49:23 PM - INFO : ----------------------------------
05/01/2023 04:49:23 PM - INFO : Email: angelestanol0922678@gmail.com
05/01/2023 04:56:23 PM - INFO : ----------------------------------
05/01/2023 04:56:23 PM - INFO : Email: angelestanol0922678@gmail.com
